This is pdfTeX, Version 3.14159265-2.6-1.40.21 (MiKTeX 2.9.7380 64-bit) (preloaded format=pdflatex 2020.4.13)  24 APR 2020 21:14
entering extended mode
**./uet_thesis.tex
(uet_thesis.tex
LaTeX2e <2020-02-02> patch level 5
L3 programming layer <2020-04-06> (uet_thesis.cls
Document Class: uet_thesis 2010/22/03 v1.1 LaTeX document class
("C:\Users\DC\AppData\Local\Programs\MiKTeX 2.9\tex/latex/base\book.cls"
Document Class: book 2019/12/20 v1.4l Standard LaTeX document class
("C:\Users\DC\AppData\Local\Programs\MiKTeX 2.9\tex/latex/base\bk12.clo"
File: bk12.clo 2019/12/20 v1.4l Standard LaTeX file (size option)
)
\c@part=\count167
\c@chapter=\count168
\c@section=\count169
\c@subsection=\count170
\c@subsubsection=\count171
\c@paragraph=\count172
\c@subparagraph=\count173
\c@figure=\count174
\c@table=\count175
\abovecaptionskip=\skip47
\belowcaptionskip=\skip48
\bibindent=\dimen134
)
("C:\Users\DC\AppData\Local\Programs\MiKTeX 2.9\tex/latex/setspace\setspace.sty
"
Package: setspace 2011/12/19 v6.7a set line spacing
) ("C:\Users\DC\AppData\Local\Programs\MiKTeX 2.9\tex/latex/vmargin\vmargin.sty
"
Package: vmargin 2004/07/15 V2.5 set document margins (VK)

Package: vmargin 2004/07/15 V2.5 set document margins (VK)
\PaperWidth=\dimen135
\PaperHeight=\dimen136
)
("C:\Users\DC\AppData\Local\Programs\MiKTeX 2.9\tex/latex/fancyhdr\fancyhdr.sty
"
Package: fancyhdr 2019/01/31 v3.10 Extensive control of page headers and footer
s
\f@nch@headwidth=\skip49
\f@nch@O@elh=\skip50
\f@nch@O@erh=\skip51
\f@nch@O@olh=\skip52
\f@nch@O@orh=\skip53
\f@nch@O@elf=\skip54
\f@nch@O@erf=\skip55
\f@nch@O@olf=\skip56
\f@nch@O@orf=\skip57
) ("C:\Users\DC\AppData\Local\Programs\MiKTeX 2.9\tex/latex/amsmath\amsmath.sty
"
Package: amsmath 2020/01/20 v2.17e AMS math features
\@mathmargin=\skip58

For additional information on amsmath, use the `?' option.
("C:\Users\DC\AppData\Local\Programs\MiKTeX 2.9\tex/latex/amsmath\amstext.sty"
Package: amstext 2000/06/29 v2.01 AMS text

("C:\Users\DC\AppData\Local\Programs\MiKTeX 2.9\tex/latex/amsmath\amsgen.sty"
File: amsgen.sty 1999/11/30 v2.0 generic functions
\@emptytoks=\toks15
\ex@=\dimen137
)) ("C:\Users\DC\AppData\Local\Programs\MiKTeX 2.9\tex/latex/amsmath\amsbsy.sty
"
Package: amsbsy 1999/11/29 v1.2d Bold Symbols
\pmbraise@=\dimen138
) ("C:\Users\DC\AppData\Local\Programs\MiKTeX 2.9\tex/latex/amsmath\amsopn.sty"
Package: amsopn 2016/03/08 v2.02 operator names
)
\inf@bad=\count176
LaTeX Info: Redefining \frac on input line 227.
\uproot@=\count177
\leftroot@=\count178
LaTeX Info: Redefining \overline on input line 389.
\classnum@=\count179
\DOTSCASE@=\count180
LaTeX Info: Redefining \ldots on input line 486.
LaTeX Info: Redefining \dots on input line 489.
LaTeX Info: Redefining \cdots on input line 610.
\Mathstrutbox@=\box45
\strutbox@=\box46
\big@size=\dimen139
LaTeX Font Info:    Redeclaring font encoding OML on input line 733.
LaTeX Font Info:    Redeclaring font encoding OMS on input line 734.
\macc@depth=\count181
\c@MaxMatrixCols=\count182
\dotsspace@=\muskip16
\c@parentequation=\count183
\dspbrk@lvl=\count184
\tag@help=\toks16
\row@=\count185
\column@=\count186
\maxfields@=\count187
\andhelp@=\toks17
\eqnshift@=\dimen140
\alignsep@=\dimen141
\tagshift@=\dimen142
\tagwidth@=\dimen143
\totwidth@=\dimen144
\lineht@=\dimen145
\@envbody=\toks18
\multlinegap=\skip59
\multlinetaggap=\skip60
\mathdisplay@stack=\toks19
LaTeX Info: Redefining \[ on input line 2859.
LaTeX Info: Redefining \] on input line 2860.
)
("C:\Users\DC\AppData\Local\Programs\MiKTeX 2.9\tex/latex/amsfonts\amsfonts.sty
"
Package: amsfonts 2013/01/14 v3.01 Basic AMSFonts support
\symAMSa=\mathgroup4
\symAMSb=\mathgroup5
LaTeX Font Info:    Redeclaring math symbol \hbar on input line 98.
LaTeX Font Info:    Overwriting math alphabet `\mathfrak' in version `bold'
(Font)                  U/euf/m/n --> U/euf/b/n on input line 106.
)
("C:\Users\DC\AppData\Local\Programs\MiKTeX 2.9\tex/latex/amsfonts\amssymb.sty"
Package: amssymb 2013/01/14 v3.01 AMS font symbols
) ("C:\Users\DC\AppData\Local\Programs\MiKTeX 2.9\tex/latex/amsmath\amscd.sty"
Package: amscd 2017/04/14 v2.1 AMS Commutative Diagrams
\athelp@=\toks20
\minaw@=\dimen146
\bigaw@=\dimen147
\minCDarrowwidth=\dimen148
) ("C:\Users\DC\AppData\Local\Programs\MiKTeX 2.9\tex/latex/amscls\amsthm.sty"
Package: amsthm 2017/10/31 v2.20.4
\thm@style=\toks21
\thm@bodyfont=\toks22
\thm@headfont=\toks23
\thm@notefont=\toks24
\thm@headpunct=\toks25
\thm@preskip=\skip61
\thm@postskip=\skip62
\thm@headsep=\skip63
\dth@everypar=\toks26
)
("C:\Users\DC\AppData\Local\Programs\MiKTeX 2.9\tex/latex/tools\xspace.sty"
Package: xspace 2014/10/28 v1.13 Space after command names (DPC,MH)
)
\c@example=\count188
\c@theorem=\count189

("C:\Users\DC\AppData\Local\Programs\MiKTeX 2.9\tex/latex/caption\caption.sty"
Package: caption 2020/01/03 v3.4h Customizing captions (AR)

("C:\Users\DC\AppData\Local\Programs\MiKTeX 2.9\tex/latex/caption\caption3.sty"
Package: caption3 2020/01/03 v1.8h caption3 kernel (AR)
Package caption3 Info: TeX engine: e-TeX on input line 61.
("C:\Users\DC\AppData\Local\Programs\MiKTeX 2.9\tex/latex/graphics\keyval.sty"
Package: keyval 2014/10/28 v1.15 key=value parser (DPC)
\KV@toks@=\toks27
)
\captionmargin=\dimen149
\captionmargin@=\dimen150
\captionwidth=\dimen151
\caption@tempdima=\dimen152
\caption@indent=\dimen153
\caption@parindent=\dimen154
\caption@hangindent=\dimen155
Package caption Info: Standard document class detected.
)
\c@caption@flags=\count190
\c@continuedfloat=\count191
)
("C:\Users\DC\AppData\Local\Programs\MiKTeX 2.9\tex/latex/graphics\graphicx.sty
"
Package: graphicx 2019/11/30 v1.2a Enhanced LaTeX Graphics (DPC,SPQR)

("C:\Users\DC\AppData\Local\Programs\MiKTeX 2.9\tex/latex/graphics\graphics.sty
"
Package: graphics 2019/11/30 v1.4a Standard LaTeX Graphics (DPC,SPQR)
 ("C:\Users\DC\AppData\Local\Programs\MiKTeX 2.9\tex/latex/graphics\trig.sty"
Package: trig 2016/01/03 v1.10 sin cos tan (DPC)
)
("C:\Users\DC\AppData\Local\Programs\MiKTeX 2.9\tex/latex/graphics-cfg\graphics
.cfg"
File: graphics.cfg 2016/06/04 v1.11 sample graphics configuration
)
Package graphics Info: Driver file: pdftex.def on input line 105.

("C:\Users\DC\AppData\Local\Programs\MiKTeX 2.9\tex/latex/graphics-def\pdftex.d
ef"
File: pdftex.def 2018/01/08 v1.0l Graphics/color driver for pdftex
))
\Gin@req@height=\dimen156
\Gin@req@width=\dimen157
)
("C:\Users\DC\AppData\Local\Programs\MiKTeX 2.9\tex/latex/subfigure\subfigure.s
ty"
Package: subfigure 2002/07/30 v2.1.4 subfigure package
\subfigtopskip=\skip64
\subfigcapskip=\skip65
\subfigcaptopadj=\dimen158
\subfigbottomskip=\skip66
\subfigcapmargin=\dimen159
\subfiglabelskip=\skip67
\c@subfigure=\count192
\c@lofdepth=\count193
\c@subtable=\count194
\c@lotdepth=\count195

****************************************
* Local config file subfigure.cfg used *
****************************************

("C:\Users\DC\AppData\Local\Programs\MiKTeX 2.9\tex/latex/subfigure\subfigure.c
fg")
\subfig@top=\skip68
\subfig@bottom=\skip69
)
("C:\Users\DC\AppData\Local\Programs\MiKTeX 2.9\tex/latex/booktabs\booktabs.sty
"
Package: booktabs 2020/01/12 v1.61803398 Publication quality tables
\heavyrulewidth=\dimen160
\lightrulewidth=\dimen161
\cmidrulewidth=\dimen162
\belowrulesep=\dimen163
\belowbottomsep=\dimen164
\aboverulesep=\dimen165
\abovetopsep=\dimen166
\cmidrulesep=\dimen167
\cmidrulekern=\dimen168
\defaultaddspace=\dimen169
\@cmidla=\count196
\@cmidlb=\count197
\@aboverulesep=\dimen170
\@belowrulesep=\dimen171
\@thisruleclass=\count198
\@lastruleclass=\count199
\@thisrulewidth=\dimen172
)
("C:\Users\DC\AppData\Local\Programs\MiKTeX 2.9\tex/latex/graphics\rotating.sty
"
Package: rotating 2016/08/11 v2.16d rotated objects in LaTeX
 ("C:\Users\DC\AppData\Local\Programs\MiKTeX 2.9\tex/latex/base\ifthen.sty"
Package: ifthen 2014/09/29 v1.1c Standard LaTeX ifthen package (DPC)
)
\c@r@tfl@t=\count266
\rotFPtop=\skip70
\rotFPbot=\skip71
\rot@float@box=\box47
\rot@mess@toks=\toks28
)
("C:\Users\DC\AppData\Local\Programs\MiKTeX 2.9\tex/latex/listings\listings.sty
"
\lst@mode=\count267
\lst@gtempboxa=\box48
\lst@token=\toks29
\lst@length=\count268
\lst@currlwidth=\dimen173
\lst@column=\count269
\lst@pos=\count270
\lst@lostspace=\dimen174
\lst@width=\dimen175
\lst@newlines=\count271
\lst@lineno=\count272
\lst@maxwidth=\dimen176
 ("C:\Users\DC\AppData\Local\Programs\MiKTeX 2.9\tex/latex/listings\lstmisc.sty
"
File: lstmisc.sty 2020/03/24 1.8d (Carsten Heinz)
\c@lstnumber=\count273
\lst@skipnumbers=\count274
\lst@framebox=\box49
)
("C:\Users\DC\AppData\Local\Programs\MiKTeX 2.9\tex/latex/listings\listings.cfg
"
File: listings.cfg 2020/03/24 1.8d listings configuration
))
Package: listings 2020/03/24 1.8d (Carsten Heinz)

("C:\Users\DC\AppData\Local\Programs\MiKTeX 2.9\tex/latex/hyperref\hyperref.sty
"
Package: hyperref 2020/01/14 v7.00d Hypertext links for LaTeX

("C:\Users\DC\AppData\Local\Programs\MiKTeX 2.9\tex/generic/ltxcmds\ltxcmds.sty
"
Package: ltxcmds 2019/12/15 v1.24 LaTeX kernel commands for general use (HO)
) ("C:\Users\DC\AppData\Local\Programs\MiKTeX 2.9\tex/generic/iftex\iftex.sty"
Package: iftex 2020/03/06 v1.0d TeX engine tests
)
("C:\Users\DC\AppData\Local\Programs\MiKTeX 2.9\tex/latex/pdftexcmds\pdftexcmds
.sty"
Package: pdftexcmds 2019/11/24 v0.31 Utility functions of pdfTeX for LuaTeX (HO
)

("C:\Users\DC\AppData\Local\Programs\MiKTeX 2.9\tex/generic/infwarerr\infwarerr
.sty"
Package: infwarerr 2019/12/03 v1.5 Providing info/warning/error messages (HO)
)
Package pdftexcmds Info: \pdf@primitive is available.
Package pdftexcmds Info: \pdf@ifprimitive is available.
Package pdftexcmds Info: \pdfdraftmode found.
)
("C:\Users\DC\AppData\Local\Programs\MiKTeX 2.9\tex/generic/kvsetkeys\kvsetkeys
.sty"
Package: kvsetkeys 2019/12/15 v1.18 Key value parser (HO)
)
("C:\Users\DC\AppData\Local\Programs\MiKTeX 2.9\tex/generic/kvdefinekeys\kvdefi
nekeys.sty"
Package: kvdefinekeys 2019-12-19 v1.6 Define keys (HO)
)
("C:\Users\DC\AppData\Local\Programs\MiKTeX 2.9\tex/generic/pdfescape\pdfescape
.sty"
Package: pdfescape 2019/12/09 v1.15 Implements pdfTeX's escape features (HO)
)
("C:\Users\DC\AppData\Local\Programs\MiKTeX 2.9\tex/latex/hycolor\hycolor.sty"
Package: hycolor 2020-01-27 v1.10 Color options for hyperref/bookmark (HO)
)
("C:\Users\DC\AppData\Local\Programs\MiKTeX 2.9\tex/latex/letltxmacro\letltxmac
ro.sty"
Package: letltxmacro 2019/12/03 v1.6 Let assignment for LaTeX macros (HO)
)
("C:\Users\DC\AppData\Local\Programs\MiKTeX 2.9\tex/latex/auxhook\auxhook.sty"
Package: auxhook 2019-12-17 v1.6 Hooks for auxiliary files (HO)
)
("C:\Users\DC\AppData\Local\Programs\MiKTeX 2.9\tex/latex/kvoptions\kvoptions.s
ty"
Package: kvoptions 2019/11/29 v3.13 Key value format for package options (HO)
)
\@linkdim=\dimen177
\Hy@linkcounter=\count275
\Hy@pagecounter=\count276

("C:\Users\DC\AppData\Local\Programs\MiKTeX 2.9\tex/latex/hyperref\pd1enc.def"
File: pd1enc.def 2020/01/14 v7.00d Hyperref: PDFDocEncoding definition (HO)
Now handling font encoding PD1 ...
... no UTF-8 mapping file for font encoding PD1
) ("C:\Users\DC\AppData\Local\Programs\MiKTeX 2.9\tex/generic/intcalc\intcalc.s
ty"
Package: intcalc 2019/12/15 v1.3 Expandable calculations with integers (HO)
)
("C:\Users\DC\AppData\Local\Programs\MiKTeX 2.9\tex/generic/etexcmds\etexcmds.s
ty"
Package: etexcmds 2019/12/15 v1.7 Avoid name clashes with e-TeX commands (HO)
)
\Hy@SavedSpaceFactor=\count277
Package hyperref Info: Option `bookmarks' set `true' on input line 4421.
Package hyperref Info: Option `bookmarksopen' set `true' on input line 4421.
Package hyperref Info: Option `bookmarksnumbered' set `true' on input line 4421
.
Package hyperref Info: Option `hypertexnames' set `false' on input line 4421.
Package hyperref Info: Option `colorlinks' set `true' on input line 4421.
Package hyperref Info: Option `unicode' set `true' on input line 4421.

("C:\Users\DC\AppData\Local\Programs\MiKTeX 2.9\tex/latex/hyperref\puenc.def"
File: puenc.def 2020/01/14 v7.00d Hyperref: PDF Unicode definition (HO)
Now handling font encoding PU ...
... no UTF-8 mapping file for font encoding PU
)
Package hyperref Info: Option `breaklinks' set `true' on input line 4421.
Package hyperref Info: Hyper figures OFF on input line 4547.
Package hyperref Info: Link nesting OFF on input line 4552.
Package hyperref Info: Hyper index ON on input line 4555.
Package hyperref Info: Plain pages OFF on input line 4562.
Package hyperref Info: Backreferencing OFF on input line 4567.
Package hyperref Info: Implicit mode ON; LaTeX internals redefined.
Package hyperref Info: Bookmarks ON on input line 4800.
\c@Hy@tempcnt=\count278

("C:\Users\DC\AppData\Local\Programs\MiKTeX 2.9\tex/latex/url\url.sty"
\Urlmuskip=\muskip17
Package: url 2013/09/16  ver 3.4  Verb mode for urls, etc.
)
LaTeX Info: Redefining \url on input line 5159.
\XeTeXLinkMargin=\dimen178

("C:\Users\DC\AppData\Local\Programs\MiKTeX 2.9\tex/generic/bitset\bitset.sty"
Package: bitset 2019/12/09 v1.3 Handle bit-vector datatype (HO)

("C:\Users\DC\AppData\Local\Programs\MiKTeX 2.9\tex/generic/bigintcalc\bigintca
lc.sty"
Package: bigintcalc 2019/12/15 v1.5 Expandable calculations on big integers (HO
)
))
\Fld@menulength=\count279
\Field@Width=\dimen179
\Fld@charsize=\dimen180
Package hyperref Info: Hyper figures OFF on input line 6430.
Package hyperref Info: Link nesting OFF on input line 6435.
Package hyperref Info: Hyper index ON on input line 6438.
Package hyperref Info: backreferencing OFF on input line 6445.
Package hyperref Info: Link coloring ON on input line 6448.
Package hyperref Info: Link coloring with OCG OFF on input line 6455.
Package hyperref Info: PDF/A mode OFF on input line 6460.
LaTeX Info: Redefining \ref on input line 6500.
LaTeX Info: Redefining \pageref on input line 6504.

("C:\Users\DC\AppData\Local\Programs\MiKTeX 2.9\tex/generic/atbegshi\atbegshi.s
ty"
Package: atbegshi 2019/12/05 v1.19 At begin shipout hook (HO)
)
\Hy@abspage=\count280
\c@Item=\count281
\c@Hfootnote=\count282
)
Package hyperref Info: Driver (autodetected): hpdftex.

("C:\Users\DC\AppData\Local\Programs\MiKTeX 2.9\tex/latex/hyperref\hpdftex.def"
File: hpdftex.def 2020/01/14 v7.00d Hyperref driver for pdfTeX

("C:\Users\DC\AppData\Local\Programs\MiKTeX 2.9\tex/latex/atveryend\atveryend.s
ty"
Package: atveryend 2019-12-11 v1.11 Hooks at the very end of document (HO)
Package atveryend Info: \enddocument detected (standard20110627).
)
\Fld@listcount=\count283
\c@bookmark@seq@number=\count284

("C:\Users\DC\AppData\Local\Programs\MiKTeX 2.9\tex/latex/rerunfilecheck\rerunf
ilecheck.sty"
Package: rerunfilecheck 2019/12/05 v1.9 Rerun checks for auxiliary files (HO)

("C:\Users\DC\AppData\Local\Programs\MiKTeX 2.9\tex/generic/uniquecounter\uniqu
ecounter.sty"
Package: uniquecounter 2019/12/15 v1.4 Provide unlimited unique counter (HO)
)
Package uniquecounter Info: New unique counter `rerunfilecheck' on input line 2
86.
)
\Hy@SectionHShift=\skip72
)
\c@dummy=\count285

("C:\Users\DC\AppData\Local\Programs\MiKTeX 2.9\tex/latex/tools\longtable.sty"
Package: longtable 2020/01/07 v4.13 Multi-page Table package (DPC)
\LTleft=\skip73
\LTright=\skip74
\LTpre=\skip75
\LTpost=\skip76
\LTchunksize=\count286
\LTcapwidth=\dimen181
\LT@head=\box50
\LT@firsthead=\box51
\LT@foot=\box52
\LT@lastfoot=\box53
\LT@cols=\count287
\LT@rows=\count288
\c@LT@tables=\count289
\c@LT@chunks=\count290
\LT@p@ftn=\toks30
)) ("C:\Users\DC\AppData\Local\Programs\MiKTeX 2.9\tex/latex/natbib\natbib.sty"
Package: natbib 2010/09/13 8.31b (PWD, AO)
\bibhang=\skip77
\bibsep=\skip78
LaTeX Info: Redefining \cite on input line 694.
\c@NAT@ctr=\count291
) ("C:\Users\DC\AppData\Local\Programs\MiKTeX 2.9\tex/latex/tools\verbatim.sty"
Package: verbatim 2019/11/10 v1.5r LaTeX2e package for verbatim enhancements
\every@verbatim=\toks31
\verbatim@line=\toks32
\verbatim@in@stream=\read2
) ("C:\Users\DC\AppData\Local\Programs\MiKTeX 2.9\tex/latex/tools\array.sty"
Package: array 2019/08/31 v2.4l Tabular extension package (FMi)
\col@sep=\dimen182
\ar@mcellbox=\box54
\extrarowheight=\dimen183
\NC@list=\toks33
\extratabsurround=\skip79
\backup@length=\skip80
\ar@cellbox=\box55
)
("C:\Users\DC\AppData\Local\Programs\MiKTeX 2.9\tex/latex/adjustbox\adjustbox.s
ty"
Package: adjustbox 2019/01/04 v1.2 Adjusting TeX boxes (trim, clip, ...)

("C:\Users\DC\AppData\Local\Programs\MiKTeX 2.9\tex/latex/xkeyval\xkeyval.sty"
Package: xkeyval 2014/12/03 v2.7a package option processing (HA)

("C:\Users\DC\AppData\Local\Programs\MiKTeX 2.9\tex/generic/xkeyval\xkeyval.tex
"
("C:\Users\DC\AppData\Local\Programs\MiKTeX 2.9\tex/generic/xkeyval\xkvutils.te
x"
\XKV@toks=\toks34
\XKV@tempa@toks=\toks35
)
\XKV@depth=\count292
File: xkeyval.tex 2014/12/03 v2.7a key=value parser (HA)
))
("C:\Users\DC\AppData\Local\Programs\MiKTeX 2.9\tex/latex/adjustbox\adjcalc.sty
"
Package: adjcalc 2012/05/16 v1.1 Provides advanced setlength with multiple back
-ends (calc, etex, pgfmath)
)
("C:\Users\DC\AppData\Local\Programs\MiKTeX 2.9\tex/latex/adjustbox\trimclip.st
y"
Package: trimclip 2018/04/08 v1.1 Trim and clip general TeX material

("C:\Users\DC\AppData\Local\Programs\MiKTeX 2.9\tex/latex/collectbox\collectbox
.sty"
Package: collectbox 2012/05/17 v0.4b Collect macro arguments as boxes
\collectedbox=\box56
)
\tc@llx=\dimen184
\tc@lly=\dimen185
\tc@urx=\dimen186
\tc@ury=\dimen187
Package trimclip Info: Using driver 'tc-pdftex.def'.

("C:\Users\DC\AppData\Local\Programs\MiKTeX 2.9\tex/latex/adjustbox\tc-pdftex.d
ef"
File: tc-pdftex.def 2019/01/04 v2.2 Clipping driver for pdftex
))
\adjbox@Width=\dimen188
\adjbox@Height=\dimen189
\adjbox@Depth=\dimen190
\adjbox@Totalheight=\dimen191
\adjbox@pwidth=\dimen192
\adjbox@pheight=\dimen193
\adjbox@pdepth=\dimen194
\adjbox@ptotalheight=\dimen195

("C:\Users\DC\AppData\Local\Programs\MiKTeX 2.9\tex/latex/ifoddpage\ifoddpage.s
ty"
Package: ifoddpage 2016/04/23 v1.1 Conditionals for odd/even page detection
\c@checkoddpage=\count293
)
("C:\Users\DC\AppData\Local\Programs\MiKTeX 2.9\tex/latex/varwidth\varwidth.sty
"
Package: varwidth 2009/03/30 ver 0.92;  Variable-width minipages
\@vwid@box=\box57
\sift@deathcycles=\count294
\@vwid@loff=\dimen196
\@vwid@roff=\dimen197
))
Package hyperref Info: Option `colorlinks' set `true' on input line 28.

("C:\Users\DC\AppData\Local\Programs\MiKTeX 2.9\tex/latex/titlesec\titlesec.sty
"
Package: titlesec 2019/10/16 v2.13 Sectioning titles
\ttl@box=\box58
\beforetitleunit=\skip81
\aftertitleunit=\skip82
\ttl@plus=\dimen198
\ttl@minus=\dimen199
\ttl@toksa=\toks36
\titlewidth=\dimen256
\titlewidthlast=\dimen257
\titlewidthfirst=\dimen258
)
("C:\Users\DC\AppData\Local\Programs\MiKTeX 2.9\tex/latex/l3backend\l3backend-p
dfmode.def"
File: l3backend-pdfmode.def 2020-03-12 L3 backend support: PDF mode
\l__kernel_color_stack_int=\count295
\l__pdf_internal_box=\box59
) (uet_thesis.aux)
\openout1 = `uet_thesis.aux'.

LaTeX Font Info:    Checking defaults for OML/cmm/m/it on input line 42.
LaTeX Font Info:    ... okay on input line 42.
LaTeX Font Info:    Checking defaults for OMS/cmsy/m/n on input line 42.
LaTeX Font Info:    ... okay on input line 42.
LaTeX Font Info:    Checking defaults for OT1/cmr/m/n on input line 42.
LaTeX Font Info:    ... okay on input line 42.
LaTeX Font Info:    Checking defaults for T1/cmr/m/n on input line 42.
LaTeX Font Info:    ... okay on input line 42.
LaTeX Font Info:    Checking defaults for TS1/cmr/m/n on input line 42.
LaTeX Font Info:    ... okay on input line 42.
LaTeX Font Info:    Checking defaults for OMX/cmex/m/n on input line 42.
LaTeX Font Info:    ... okay on input line 42.
LaTeX Font Info:    Checking defaults for U/cmr/m/n on input line 42.
LaTeX Font Info:    ... okay on input line 42.
LaTeX Font Info:    Checking defaults for PD1/pdf/m/n on input line 42.
LaTeX Font Info:    ... okay on input line 42.
LaTeX Font Info:    Checking defaults for PU/pdf/m/n on input line 42.
LaTeX Font Info:    ... okay on input line 42.
Package caption Info: Begin \AtBeginDocument code.
Package caption Info: hyperref package is loaded.
Package caption Info: listings package is loaded.
Package caption Info: longtable package is loaded.

("C:\Users\DC\AppData\Local\Programs\MiKTeX 2.9\tex/latex/caption\ltcaption.sty
"
Package: ltcaption 2018/08/26 v1.4a longtable captions (AR)
)
Package caption Info: rotating package is loaded.
Package caption Info: subfigure package is loaded.
Package caption Info: End \AtBeginDocument code.

("C:\Users\DC\AppData\Local\Programs\MiKTeX 2.9\tex/context/base/mkii\supp-pdf.
mkii"
[Loading MPS to PDF converter (version 2006.09.02).]
\scratchcounter=\count296
\scratchdimen=\dimen259
\scratchbox=\box60
\nofMPsegments=\count297
\nofMParguments=\count298
\everyMPshowfont=\toks37
\MPscratchCnt=\count299
\MPscratchDim=\dimen260
\MPnumerator=\count300
\makeMPintoPDFobject=\count301
\everyMPtoPDFconversion=\toks38
)
("C:\Users\DC\AppData\Local\Programs\MiKTeX 2.9\tex/latex/epstopdf-pkg\epstopdf
-base.sty"
Package: epstopdf-base 2020-01-24 v2.11 Base part for package epstopdf
Package epstopdf-base Info: Redefining graphics rule for `.eps' on input line 4
85.
)
\c@lstlisting=\count302
\AtBeginShipoutBox=\box61

("C:\Users\DC\AppData\Local\Programs\MiKTeX 2.9\tex/latex/graphics\color.sty"
Package: color 2019/11/23 v1.2a Standard LaTeX Color (DPC)

("C:\Users\DC\AppData\Local\Programs\MiKTeX 2.9\tex/latex/graphics-cfg\color.cf
g"
File: color.cfg 2016/01/02 v1.6 sample color configuration
)
Package color Info: Driver file: pdftex.def on input line 147.
)
Package hyperref Info: Link coloring ON on input line 42.

("C:\Users\DC\AppData\Local\Programs\MiKTeX 2.9\tex/latex/hyperref\nameref.sty"
Package: nameref 2019/09/16 v2.46 Cross-referencing by name of section
("C:\Users\DC\AppData\Local\Programs\MiKTeX 2.9\tex/latex/refcount\refcount.sty
"
Package: refcount 2019/12/15 v3.6 Data extraction from label references (HO)
)
("C:\Users\DC\AppData\Local\Programs\MiKTeX 2.9\tex/generic/gettitlestring\gett
itlestring.sty"
Package: gettitlestring 2019/12/15 v1.6 Cleanup title references (HO)
)
\c@section@level=\count303
)
LaTeX Info: Redefining \ref on input line 42.
LaTeX Info: Redefining \pageref on input line 42.
LaTeX Info: Redefining \nameref on input line 42.
 (uet_thesis.out) (uet_thesis.out)
\@outlinefile=\write3
\openout3 = `uet_thesis.out'.


-------------------------------------------
 Title Page
-------------------------------------------

Package hyperref Warning: Token not allowed in a PDF string (Unicode):
(hyperref)                \hskip 11.74988pt
(hyperref)                replaced by space on input line 57.


Package hyperref Warning: Token not allowed in a PDF string (Unicode):
(hyperref)                \hskip 11.74988pt
(hyperref)                replaced by space on input line 57.


Package hyperref Warning: Token not allowed in a PDF string (Unicode):
(hyperref)                \hskip 11.74988pt
(hyperref)                replaced by space on input line 57.


Package hyperref Warning: Token not allowed in a PDF string (Unicode):
(hyperref)                \hskip 11.74988pt
(hyperref)                replaced by space on input line 57.

<./Figures/uet_logo.pdf, id=783, 150.5625pt x 150.5625pt>
File: ./Figures/uet_logo.pdf Graphic file (type pdf)
<use ./Figures/uet_logo.pdf>
Package pdftex.def Info: ./Figures/uet_logo.pdf  used on input line 57.
(pdftex.def)             Requested size: 150.56212pt x 150.56212pt.
[1



] [2{C:/Users/DC/AppData/Local/MiKTeX/2.9/pdftex/config/pdftex.map} <./Figures/
uet_logo.pdf>]
-------------------------------------------
 Declaration of Authorship
-------------------------------------------
[1


]
-------------------------------------------
 Acknowledgments
-------------------------------------------
[2

]
-------------------------------------------
 Dedicatory
-------------------------------------------
[3

]
-------------------------------------------
 Table of Contents
-------------------------------------------
(uet_thesis.toc
LaTeX Font Info:    Trying to load font information for U+msa on input line 7.

("C:\Users\DC\AppData\Local\Programs\MiKTeX 2.9\tex/latex/amsfonts\umsa.fd"
File: umsa.fd 2013/01/14 v3.01 AMS symbols A
)
LaTeX Font Info:    Trying to load font information for U+msb on input line 7.

("C:\Users\DC\AppData\Local\Programs\MiKTeX 2.9\tex/latex/amsfonts\umsb.fd"
File: umsb.fd 2013/01/14 v3.01 AMS symbols B
)
[4


] [5] [6]
Overfull \hbox (2.08926pt too wide) in paragraph at lines 136--136
 [][] [][][]\OT1/cmr/m/n/12 Test Sce-nario TS-18: Stu-dents As-sign-ment Sub-mi
s-sion Func- 
 []


Overfull \hbox (3.49065pt too wide) in paragraph at lines 146--146
 [][] [][][]\OT1/cmr/m/n/12 Test Sce-nario TS-28: Down-load Stu-dents' As-sign-
ments Func- 
 []

[7]
Overfull \hbox (2.08926pt too wide) in paragraph at lines 176--176
 [][] [][][]\OT1/cmr/m/n/12 Test Sce-nario TS-17: Stu-dents As-sign-ment Sub-mi
s-sion Func- 
 []

[8]
Overfull \hbox (3.49065pt too wide) in paragraph at lines 186--186
 [][] [][][]\OT1/cmr/m/n/12 Test Sce-nario TS-27: Down-load Stu-dents' As-sign-
ments Func- 
 []

)
\tf@toc=\write4
\openout4 = `uet_thesis.toc'.

 [9]
-------------------------------------------
 List of Figures
-------------------------------------------
(uet_thesis.lof)
\tf@lof=\write5
\openout5 = `uet_thesis.lof'.

 [10


]
-------------------------------------------
 List of Tables
-------------------------------------------
(uet_thesis.lot)
\tf@lot=\write6
\openout6 = `uet_thesis.lot'.

 [11


] [12]
-------------------------------------------
 Abbreviations
-------------------------------------------
[13



]
-------------------------------------------
 Abstract Page
-------------------------------------------
[14

] (Chapters/Chapter1.tex
Chapter 1.
-------------------------------------------
 1 Introduction
-------------------------------------------
[1



] [2] [3] [4] [5] [6] [7]
<Figures/Educational Institutes.png, id=1222, 320.19624pt x 320.19624pt>
File: Figures/Educational Institutes.png Graphic file (type png)
<use Figures/Educational Institutes.png>
Package pdftex.def Info: Figures/Educational Institutes.png  used on input line
 187.
(pdftex.def)             Requested size: 170.71944pt x 142.26457pt.
 [8 <./Figures/Educational Institutes.png>] [9]
<Figures/Online Tutors.png, id=1236, 320.19624pt x 320.19624pt>
File: Figures/Online Tutors.png Graphic file (type png)
<use Figures/Online Tutors.png>
Package pdftex.def Info: Figures/Online Tutors.png  used on input line 252.
(pdftex.def)             Requested size: 170.71944pt x 142.26457pt.

[10 <./Figures/Online Tutors.png>]
<Figures/Sketch Artists.png, id=1242, 202.7575pt x 202.7575pt>
File: Figures/Sketch Artists.png Graphic file (type png)
<use Figures/Sketch Artists.png>
Package pdftex.def Info: Figures/Sketch Artists.png  used on input line 287.
(pdftex.def)             Requested size: 170.72043pt x 142.26651pt.
<Figures/Industry.png, id=1243, 192.8295pt x 128.4435pt>
File: Figures/Industry.png Graphic file (type png)
<use Figures/Industry.png>
Package pdftex.def Info: Figures/Industry.png  used on input line 300.
(pdftex.def)             Requested size: 227.62215pt x 142.26822pt.
) (Chapters/Chapter2.tex [11 <./Figures/Sketch Artists.png> <./Figures/Industry
.png>]
Chapter 2.
-------------------------------------------
 2 Literature Review
-------------------------------------------
[12

] [13] [14] [15] [16] [17] [18]
Overfull \hbox (10.93224pt too wide) in paragraph at lines 85--86
[]\OT1/cmr/m/n/12 This pa-per de-scribes a fully au-to-mated Real-Time Lecturer
-Tracking mod-ule (RTLT)
 []

[19] [20] [21]
Overfull \hbox (1.79213pt too wide) in paragraph at lines 112--113
\OT1/cmr/m/n/12 from in-ter-ac-tive sys-tems on CD-ROM to de-liv-ery of video i
n-for-ma-tion over telecom-
 []

[22]) (Chapters/Chapter3.tex [23]
Chapter 3.
-------------------------------------------
 3 Proposed Methodology
-------------------------------------------
<Figures/General Model.png, id=1351, 87.9285pt x 87.9285pt>
File: Figures/General Model.png Graphic file (type png)
<use Figures/General Model.png>
Package pdftex.def Info: Figures/General Model.png  used on input line 15.
(pdftex.def)             Requested size: 199.18295pt x 170.72864pt.
[24

 <./Figures/General Model.png>]
<Figures/Workflow.png, id=1357, 954.56625pt x 609.27625pt>
File: Figures/Workflow.png Graphic file (type png)
<use Figures/Workflow.png>
Package pdftex.def Info: Figures/Workflow.png  used on input line 28.
(pdftex.def)             Requested size: 426.7834pt x 312.98589pt.

Overfull \hbox (9.31033pt too wide) in paragraph at lines 28--29
 [][] 
 []

<Figures/EulerAngles.png, id=1358, 211.79124pt x 239.89626pt>
File: Figures/EulerAngles.png Graphic file (type png)
<use Figures/EulerAngles.png>
Package pdftex.def Info: Figures/EulerAngles.png  used on input line 42.
(pdftex.def)             Requested size: 125.24336pt x 170.7192pt.
<Figures/Quaternion to Euler conversion.png, id=1359, 284.86424pt x 81.30376pt>

File: Figures/Quaternion to Euler conversion.png Graphic file (type png)
<use Figures/Quaternion to Euler conversion.png>
Package pdftex.def Info: Figures/Quaternion to Euler conversion.png  used on in
put line 52.
(pdftex.def)             Requested size: 199.16888pt x 85.36523pt.

Overfull \hbox (73.9257pt too wide) in paragraph at lines 52--53
[][] 
 []


Underfull \hbox (badness 10000) in paragraph at lines 62--62
[]|\OT1/cmr/m/n/12 Used to com-pute
 []

<Figures/Euclidean distance formula.jpg, id=1360, 320.19624pt x 133.49875pt>
File: Figures/Euclidean distance formula.jpg Graphic file (type jpg)
<use Figures/Euclidean distance formula.jpg>
Package pdftex.def Info: Figures/Euclidean distance formula.jpg  used on input 
line 64.
(pdftex.def)             Requested size: 199.16942pt x 113.81462pt.

Overfull \hbox (73.92624pt too wide) in paragraph at lines 64--65
[][] 
 []


Underfull \hbox (badness 1642) in paragraph at lines 73--73
\OT1/cmr/m/n/12 Marker with re-spect
 []

<Figures/slope-intercept form.jpg, id=1361, 399.02266pt x 77.65181pt>
File: Figures/slope-intercept form.jpg Graphic file (type jpg)
<use Figures/slope-intercept form.jpg>
Package pdftex.def Info: Figures/slope-intercept form.jpg  used on input line 7
7.
(pdftex.def)             Requested size: 170.7179pt x 28.45227pt.

Overfull \hbox (45.47472pt too wide) in paragraph at lines 77--78
[][] 
 []


Overfull \hbox (18.46547pt too wide) in alignment at lines 34--86
 [] [] [] 
 []

[25 <./Figures/Workflow.png>]
Underfull \vbox (badness 10000) detected at line 86
 []

[26 <./Figures/EulerAngles.png> <./Figures/Quaternion to Euler conversion.png> 
<./Figures/Euclidean distance formula.jpg> <./Figures/slope-intercept form.jpg>
]
<Figures/ControllerApplication.png, id=1373, 305.64188pt x 212.795pt>
File: Figures/ControllerApplication.png Graphic file (type png)
<use Figures/ControllerApplication.png>
Package pdftex.def Info: Figures/ControllerApplication.png  used on input line 
106.
(pdftex.def)             Requested size: 312.99579pt x 284.5431pt.
 [27 <./Figures/ControllerApplication.png>]
<Figures/PlayerApplication.png, id=1380, 301.125pt x 213.29688pt>
File: Figures/PlayerApplication.png Graphic file (type png)
<use Figures/PlayerApplication.png>
Package pdftex.def Info: Figures/PlayerApplication.png  used on input line 128.

(pdftex.def)             Requested size: 369.92206pt x 398.36514pt.
 [28 <./Figures/PlayerApplication.png>]
<Figures/DBMUseCaseWebAppPart1.png, id=1386, 370.986pt x 641.39626pt>
File: Figures/DBMUseCaseWebAppPart1.png Graphic file (type png)
<use Figures/DBMUseCaseWebAppPart1.png>
Package pdftex.def Info: Figures/DBMUseCaseWebAppPart1.png  used on input line 
149.
(pdftex.def)             Requested size: 426.80605pt x 398.34665pt.

Overfull \hbox (9.33298pt too wide) in paragraph at lines 149--150
 [][] 
 []

<Figures/DBMUseCaseWebAppPart2.png, id=1387, 412.54124pt x 441.44925pt>
File: Figures/DBMUseCaseWebAppPart2.png Graphic file (type png)
<use Figures/DBMUseCaseWebAppPart2.png>
Package pdftex.def Info: Figures/DBMUseCaseWebAppPart2.png  used on input line 
155.
(pdftex.def)             Requested size: 426.7981pt x 398.34471pt.

Overfull \hbox (9.32503pt too wide) in paragraph at lines 155--156
 [][] 
 []


LaTeX Warning: `h' float specifier changed to `ht'.

[29 <./Figures/DBMUseCaseWebAppPart1.png>] [30 <./Figures/DBMUseCaseWebAppPart2
.png>]
Underfull \hbox (badness 10000) in paragraph at lines 181--184

 []

[31] [32]
Underfull \hbox (badness 10000) in paragraph at lines 263--266

 []

[33] [34]
Underfull \hbox (badness 10000) in paragraph at lines 329--332

 []

[35] [36]
Underfull \hbox (badness 10000) in paragraph at lines 412--415

 []

[37] [38] [39] [40]
Underfull \hbox (badness 10000) in paragraph at lines 543--545

 []

[41]
Underfull \hbox (badness 10000) in paragraph at lines 557--560

 []

[42] [43]
Underfull \hbox (badness 10000) in paragraph at lines 629--632

 []

[44]
Underfull \hbox (badness 10000) in paragraph at lines 684--687

 []

[45] [46]
Underfull \hbox (badness 10000) in paragraph at lines 736--739

 []

[47] [48]
Underfull \hbox (badness 10000) in paragraph at lines 828--831

 []

[49] [50]
Underfull \hbox (badness 10000) in paragraph at lines 900--903

 []

[51] [52] [53]
Underfull \hbox (badness 10000) in paragraph at lines 979--982

 []

[54]
Underfull \hbox (badness 10000) in paragraph at lines 1046--1050

 []

[55]
Underfull \hbox (badness 10000) in paragraph at lines 1065--1068

 []

[56] [57]
Underfull \hbox (badness 10000) in paragraph at lines 1133--1135

 []

[58]
Underfull \hbox (badness 10000) in paragraph at lines 1152--1155

 []

[59] [60]
Underfull \hbox (badness 10000) in paragraph at lines 1246--1249

 []

[61] [62]
Underfull \hbox (badness 10000) in paragraph at lines 1315--1319

 []

[63]
Underfull \hbox (badness 10000) in paragraph at lines 1333--1336

 []

[64]
Underfull \hbox (badness 10000) in paragraph at lines 1398--1400

 []

[65] [66] [67] [68]
Underfull \hbox (badness 10000) in paragraph at lines 1512--1515

 []

[69] [70]
Underfull \hbox (badness 10000) in paragraph at lines 1586--1589

 []

[71] [72]
Underfull \hbox (badness 10000) in paragraph at lines 1667--1670

 []

[73] [74] [75]
Underfull \hbox (badness 10000) in paragraph at lines 1750--1753

 []

[76] [77]
Underfull \hbox (badness 10000) in paragraph at lines 1820--1823

 []

[78] [79]
Underfull \hbox (badness 10000) in paragraph at lines 1912--1915

 []

[80] [81]
Underfull \hbox (badness 10000) in paragraph at lines 1985--1988

 []

[82] [83]
Underfull \hbox (badness 10000) in paragraph at lines 2038--2041

 []

[84] [85] [86] [87] [88] [89] [90]
<Figures/Architect 3.png, id=2471, 1806.75pt x 1405.25pt>
File: Figures/Architect 3.png Graphic file (type png)
<use Figures/Architect 3.png>
Package pdftex.def Info: Figures/Architect 3.png  used on input line 2304.
(pdftex.def)             Requested size: 455.24277pt x 398.33473pt.

Overfull \hbox (37.7697pt too wide) in paragraph at lines 2304--2305
 [][] 
 []


LaTeX Warning: `h' float specifier changed to `ht'.

[91]
<Figures/Main_Camera.png, id=2478, 1505.625pt x 1003.75pt>
File: Figures/Main_Camera.png Graphic file (type png)
<use Figures/Main_Camera.png>
Package pdftex.def Info: Figures/Main_Camera.png  used on input line 2322.
(pdftex.def)             Requested size: 369.88072pt x 341.43896pt.


LaTeX Warning: `h' float specifier changed to `ht'.


Underfull \hbox (badness 10000) in paragraph at lines 2331--2334

 []

[92 <./Figures/Architect 3.png>]
<Figures/Controller Application Methodology.png, id=2484, 308.65312pt x 213.798
75pt>
File: Figures/Controller Application Methodology.png Graphic file (type png)
<use Figures/Controller Application Methodology.png>
Package pdftex.def Info: Figures/Controller Application Methodology.png  used o
n input line 2338.
(pdftex.def)             Requested size: 313.00407pt x 227.62059pt.
 [93 <./Figures/Main_Camera.png>]
<Figures/Main_Marker.png, id=2491, 1505.625pt x 1003.75pt>
File: Figures/Main_Marker.png Graphic file (type png)
<use Figures/Main_Marker.png>
Package pdftex.def Info: Figures/Main_Marker.png  used on input line 2347.
(pdftex.def)             Requested size: 312.97423pt x 256.06773pt.
<Figures/Audio Methodology.png, id=2492, 499.8675pt x 389.95688pt>
File: Figures/Audio Methodology.png Graphic file (type png)
<use Figures/Audio Methodology.png>
Package pdftex.def Info: Figures/Audio Methodology.png  used on input line 2353
.
(pdftex.def)             Requested size: 369.89615pt x 341.44348pt.


LaTeX Warning: `h' float specifier changed to `ht'.

[94 <./Figures/Controller Application Methodology.png> <./Figures/Main_Marker.p
ng>] [95 <./Figures/Audio Methodology.png>]
<Figures/Player Application Methodology (Offline).png, id=2504, 308.65312pt x 1
69.38281pt>
File: Figures/Player Application Methodology (Offline).png Graphic file (type p
ng)
<use Figures/Player Application Methodology (Offline).png>
Package pdftex.def Info: Figures/Player Application Methodology (Offline).png  
used on input line 2367.
(pdftex.def)             Requested size: 369.91562pt x 227.63083pt.
<Figures/Player Application Methodology (Online).png, id=2505, 308.65312pt x 16
9.38281pt>
File: Figures/Player Application Methodology (Online).png Graphic file (type pn
g)
<use Figures/Player Application Methodology (Online).png>
Package pdftex.def Info: Figures/Player Application Methodology (Online).png  u
sed on input line 2376.
(pdftex.def)             Requested size: 369.91562pt x 227.63083pt.
 [96 <./Figures/Player Application Methodology (Offline).png> <./Figures/Player
 Application Methodology (Online).png>]
<Figures/Entity Diagram.png, id=2512, 2300.595pt x 1346.02875pt>
File: Figures/Entity Diagram.png Graphic file (type png)
<use Figures/Entity Diagram.png>
Package pdftex.def Info: Figures/Entity Diagram.png  used on input line 2386.
(pdftex.def)             Requested size: 369.85794pt x 199.16394pt.
 [97 <./Figures/Entity Diagram.png>]
<Figures/DBM_DB_Diagram.png, id=2518, 1174.3875pt x 1463.4675pt>
File: Figures/DBM_DB_Diagram.png Graphic file (type png)
<use Figures/DBM_DB_Diagram.png>
Package pdftex.def Info: Figures/DBM_DB_Diagram.png  used on input line 2395.
(pdftex.def)             Requested size: 426.7932pt x 369.8855pt.

Overfull \hbox (9.32013pt too wide) in paragraph at lines 2395--2396
 [][] 
 []

) (Chapters/Chapter4.tex [98 <./Figures/DBM_DB_Diagram.png>]
Chapter 4.
-------------------------------------------
 4 Implementation
-------------------------------------------
) (Chapters/Chapter5.tex [99

]
Chapter 5.
-------------------------------------------
 5 Evaluation Criteria
-------------------------------------------

Package hyperref Warning: Token not allowed in a PDF string (Unicode):
(hyperref)                removing `math shift' on input line 13.


Package hyperref Warning: Token not allowed in a PDF string (Unicode):
(hyperref)                removing `\@@underline' on input line 13.


Package hyperref Warning: Token not allowed in a PDF string (Unicode):
(hyperref)                removing `\hbox' on input line 13.


Package hyperref Warning: Token not allowed in a PDF string (Unicode):
(hyperref)                removing `\mathsurround' on input line 13.


Package hyperref Warning: Token not allowed in a PDF string (Unicode):
(hyperref)                removing `\z@' on input line 13.


Package hyperref Warning: Token not allowed in a PDF string (Unicode):
(hyperref)                removing `math shift' on input line 13.


Package hyperref Warning: Token not allowed in a PDF string (Unicode):
(hyperref)                removing `math shift' on input line 35.


Package hyperref Warning: Token not allowed in a PDF string (Unicode):
(hyperref)                removing `\@@underline' on input line 35.


Package hyperref Warning: Token not allowed in a PDF string (Unicode):
(hyperref)                removing `\hbox' on input line 35.


Package hyperref Warning: Token not allowed in a PDF string (Unicode):
(hyperref)                removing `\mathsurround' on input line 35.


Package hyperref Warning: Token not allowed in a PDF string (Unicode):
(hyperref)                removing `\z@' on input line 35.


Package hyperref Warning: Token not allowed in a PDF string (Unicode):
(hyperref)                removing `math shift' on input line 35.

[100

]

Package hyperref Warning: Token not allowed in a PDF string (Unicode):
(hyperref)                removing `math shift' on input line 57.


Package hyperref Warning: Token not allowed in a PDF string (Unicode):
(hyperref)                removing `\@@underline' on input line 57.


Package hyperref Warning: Token not allowed in a PDF string (Unicode):
(hyperref)                removing `\hbox' on input line 57.


Package hyperref Warning: Token not allowed in a PDF string (Unicode):
(hyperref)                removing `\mathsurround' on input line 57.


Package hyperref Warning: Token not allowed in a PDF string (Unicode):
(hyperref)                removing `\z@' on input line 57.


Package hyperref Warning: Token not allowed in a PDF string (Unicode):
(hyperref)                removing `math shift' on input line 57.


Package hyperref Warning: Token not allowed in a PDF string (Unicode):
(hyperref)                removing `math shift' on input line 80.


Package hyperref Warning: Token not allowed in a PDF string (Unicode):
(hyperref)                removing `\@@underline' on input line 80.


Package hyperref Warning: Token not allowed in a PDF string (Unicode):
(hyperref)                removing `\hbox' on input line 80.


Package hyperref Warning: Token not allowed in a PDF string (Unicode):
(hyperref)                removing `\mathsurround' on input line 80.


Package hyperref Warning: Token not allowed in a PDF string (Unicode):
(hyperref)                removing `\z@' on input line 80.


Package hyperref Warning: Token not allowed in a PDF string (Unicode):
(hyperref)                removing `math shift' on input line 80.

[101]

Package hyperref Warning: Token not allowed in a PDF string (Unicode):
(hyperref)                removing `math shift' on input line 103.


Package hyperref Warning: Token not allowed in a PDF string (Unicode):
(hyperref)                removing `\@@underline' on input line 103.


Package hyperref Warning: Token not allowed in a PDF string (Unicode):
(hyperref)                removing `\hbox' on input line 103.


Package hyperref Warning: Token not allowed in a PDF string (Unicode):
(hyperref)                removing `\mathsurround' on input line 103.


Package hyperref Warning: Token not allowed in a PDF string (Unicode):
(hyperref)                removing `\z@' on input line 103.


Package hyperref Warning: Token not allowed in a PDF string (Unicode):
(hyperref)                removing `math shift' on input line 103.

[102]

Package hyperref Warning: Token not allowed in a PDF string (Unicode):
(hyperref)                removing `math shift' on input line 126.


Package hyperref Warning: Token not allowed in a PDF string (Unicode):
(hyperref)                removing `\@@underline' on input line 126.


Package hyperref Warning: Token not allowed in a PDF string (Unicode):
(hyperref)                removing `\hbox' on input line 126.


Package hyperref Warning: Token not allowed in a PDF string (Unicode):
(hyperref)                removing `\mathsurround' on input line 126.


Package hyperref Warning: Token not allowed in a PDF string (Unicode):
(hyperref)                removing `\z@' on input line 126.


Package hyperref Warning: Token not allowed in a PDF string (Unicode):
(hyperref)                removing `math shift' on input line 126.


Package hyperref Warning: Token not allowed in a PDF string (Unicode):
(hyperref)                removing `math shift' on input line 161.


Package hyperref Warning: Token not allowed in a PDF string (Unicode):
(hyperref)                removing `\@@underline' on input line 161.


Package hyperref Warning: Token not allowed in a PDF string (Unicode):
(hyperref)                removing `\hbox' on input line 161.


Package hyperref Warning: Token not allowed in a PDF string (Unicode):
(hyperref)                removing `\mathsurround' on input line 161.


Package hyperref Warning: Token not allowed in a PDF string (Unicode):
(hyperref)                removing `\z@' on input line 161.


Package hyperref Warning: Token not allowed in a PDF string (Unicode):
(hyperref)                removing `math shift' on input line 161.

[103]

Package hyperref Warning: Token not allowed in a PDF string (Unicode):
(hyperref)                removing `math shift' on input line 178.


Package hyperref Warning: Token not allowed in a PDF string (Unicode):
(hyperref)                removing `\@@underline' on input line 178.


Package hyperref Warning: Token not allowed in a PDF string (Unicode):
(hyperref)                removing `\hbox' on input line 178.


Package hyperref Warning: Token not allowed in a PDF string (Unicode):
(hyperref)                removing `\mathsurround' on input line 178.


Package hyperref Warning: Token not allowed in a PDF string (Unicode):
(hyperref)                removing `\z@' on input line 178.


Package hyperref Warning: Token not allowed in a PDF string (Unicode):
(hyperref)                removing `math shift' on input line 178.


Package hyperref Warning: Token not allowed in a PDF string (Unicode):
(hyperref)                removing `math shift' on input line 195.


Package hyperref Warning: Token not allowed in a PDF string (Unicode):
(hyperref)                removing `\@@underline' on input line 195.


Package hyperref Warning: Token not allowed in a PDF string (Unicode):
(hyperref)                removing `\hbox' on input line 195.


Package hyperref Warning: Token not allowed in a PDF string (Unicode):
(hyperref)                removing `\mathsurround' on input line 195.


Package hyperref Warning: Token not allowed in a PDF string (Unicode):
(hyperref)                removing `\z@' on input line 195.


Package hyperref Warning: Token not allowed in a PDF string (Unicode):
(hyperref)                removing `math shift' on input line 195.


Overfull \hbox (11.17145pt too wide) in paragraph at lines 218--218
|[]\OT1/cmr/bx/n/14.4 Test Sce-nario TS-3: Teacher's Re-quest Ap-proval Func-
 []

[104]
Overfull \hbox (11.77142pt too wide) in paragraph at lines 257--257
|[]\OT1/cmr/bx/n/14.4 Test Sce-nario TS-5: Stu-dents' Re-quest Ap-proval Func-
 []

[105] [106]

Package hyperref Warning: Token not allowed in a PDF string (Unicode):
(hyperref)                removing `math shift' on input line 309.


Package hyperref Warning: Token not allowed in a PDF string (Unicode):
(hyperref)                removing `\@@underline' on input line 309.


Package hyperref Warning: Token not allowed in a PDF string (Unicode):
(hyperref)                removing `\hbox' on input line 309.


Package hyperref Warning: Token not allowed in a PDF string (Unicode):
(hyperref)                removing `\mathsurround' on input line 309.


Package hyperref Warning: Token not allowed in a PDF string (Unicode):
(hyperref)                removing `\z@' on input line 309.


Package hyperref Warning: Token not allowed in a PDF string (Unicode):
(hyperref)                removing `math shift' on input line 309.


Package hyperref Warning: Token not allowed in a PDF string (Unicode):
(hyperref)                removing `math shift' on input line 326.


Package hyperref Warning: Token not allowed in a PDF string (Unicode):
(hyperref)                removing `\@@underline' on input line 326.


Package hyperref Warning: Token not allowed in a PDF string (Unicode):
(hyperref)                removing `\hbox' on input line 326.


Package hyperref Warning: Token not allowed in a PDF string (Unicode):
(hyperref)                removing `\mathsurround' on input line 326.


Package hyperref Warning: Token not allowed in a PDF string (Unicode):
(hyperref)                removing `\z@' on input line 326.


Package hyperref Warning: Token not allowed in a PDF string (Unicode):
(hyperref)                removing `math shift' on input line 326.


Package hyperref Warning: Token not allowed in a PDF string (Unicode):
(hyperref)                removing `math shift' on input line 343.


Package hyperref Warning: Token not allowed in a PDF string (Unicode):
(hyperref)                removing `\@@underline' on input line 343.


Package hyperref Warning: Token not allowed in a PDF string (Unicode):
(hyperref)                removing `\hbox' on input line 343.


Package hyperref Warning: Token not allowed in a PDF string (Unicode):
(hyperref)                removing `\mathsurround' on input line 343.


Package hyperref Warning: Token not allowed in a PDF string (Unicode):
(hyperref)                removing `\z@' on input line 343.


Package hyperref Warning: Token not allowed in a PDF string (Unicode):
(hyperref)                removing `math shift' on input line 343.

[107]

Package hyperref Warning: Token not allowed in a PDF string (Unicode):
(hyperref)                removing `math shift' on input line 375.


Package hyperref Warning: Token not allowed in a PDF string (Unicode):
(hyperref)                removing `\@@underline' on input line 375.


Package hyperref Warning: Token not allowed in a PDF string (Unicode):
(hyperref)                removing `\hbox' on input line 375.


Package hyperref Warning: Token not allowed in a PDF string (Unicode):
(hyperref)                removing `\mathsurround' on input line 375.


Package hyperref Warning: Token not allowed in a PDF string (Unicode):
(hyperref)                removing `\z@' on input line 375.


Package hyperref Warning: Token not allowed in a PDF string (Unicode):
(hyperref)                removing `math shift' on input line 375.


Package hyperref Warning: Token not allowed in a PDF string (Unicode):
(hyperref)                removing `math shift' on input line 392.


Package hyperref Warning: Token not allowed in a PDF string (Unicode):
(hyperref)                removing `\@@underline' on input line 392.


Package hyperref Warning: Token not allowed in a PDF string (Unicode):
(hyperref)                removing `\hbox' on input line 392.


Package hyperref Warning: Token not allowed in a PDF string (Unicode):
(hyperref)                removing `\mathsurround' on input line 392.


Package hyperref Warning: Token not allowed in a PDF string (Unicode):
(hyperref)                removing `\z@' on input line 392.


Package hyperref Warning: Token not allowed in a PDF string (Unicode):
(hyperref)                removing `math shift' on input line 392.

[108]

Package hyperref Warning: Token not allowed in a PDF string (Unicode):
(hyperref)                removing `math shift' on input line 409.


Package hyperref Warning: Token not allowed in a PDF string (Unicode):
(hyperref)                removing `\@@underline' on input line 409.


Package hyperref Warning: Token not allowed in a PDF string (Unicode):
(hyperref)                removing `\hbox' on input line 409.


Package hyperref Warning: Token not allowed in a PDF string (Unicode):
(hyperref)                removing `\mathsurround' on input line 409.


Package hyperref Warning: Token not allowed in a PDF string (Unicode):
(hyperref)                removing `\z@' on input line 409.


Package hyperref Warning: Token not allowed in a PDF string (Unicode):
(hyperref)                removing `math shift' on input line 409.

[109]
Overfull \hbox (10.50475pt too wide) in paragraph at lines 497--497
|[]\OT1/cmr/bx/n/14.4 Test Sce-nario TS-12: Down-load-ing As-sign-ment Func-
 []

[110] [111] [112] [113] [114]
Overfull \hbox (0.19649pt too wide) in paragraph at lines 733--733
|[]\OT1/cmr/bx/n/14.4 Test Sce-nario TS-21: Down-load Course Notes Func-
 []

[115] [116] [117] [118] [119]

Package hyperref Warning: Token not allowed in a PDF string (Unicode):
(hyperref)                removing `math shift' on input line 956.


Package hyperref Warning: Token not allowed in a PDF string (Unicode):
(hyperref)                removing `\@@underline' on input line 956.


Package hyperref Warning: Token not allowed in a PDF string (Unicode):
(hyperref)                removing `\hbox' on input line 956.


Package hyperref Warning: Token not allowed in a PDF string (Unicode):
(hyperref)                removing `\mathsurround' on input line 956.


Package hyperref Warning: Token not allowed in a PDF string (Unicode):
(hyperref)                removing `\z@' on input line 956.


Package hyperref Warning: Token not allowed in a PDF string (Unicode):
(hyperref)                removing `math shift' on input line 956.


Package hyperref Warning: Token not allowed in a PDF string (Unicode):
(hyperref)                removing `math shift' on input line 974.


Package hyperref Warning: Token not allowed in a PDF string (Unicode):
(hyperref)                removing `\@@underline' on input line 974.


Package hyperref Warning: Token not allowed in a PDF string (Unicode):
(hyperref)                removing `\hbox' on input line 974.


Package hyperref Warning: Token not allowed in a PDF string (Unicode):
(hyperref)                removing `\mathsurround' on input line 974.


Package hyperref Warning: Token not allowed in a PDF string (Unicode):
(hyperref)                removing `\z@' on input line 974.


Package hyperref Warning: Token not allowed in a PDF string (Unicode):
(hyperref)                removing `math shift' on input line 974.


Package hyperref Warning: Token not allowed in a PDF string (Unicode):
(hyperref)                removing `math shift' on input line 992.


Package hyperref Warning: Token not allowed in a PDF string (Unicode):
(hyperref)                removing `\@@underline' on input line 992.


Package hyperref Warning: Token not allowed in a PDF string (Unicode):
(hyperref)                removing `\hbox' on input line 992.


Package hyperref Warning: Token not allowed in a PDF string (Unicode):
(hyperref)                removing `\mathsurround' on input line 992.


Package hyperref Warning: Token not allowed in a PDF string (Unicode):
(hyperref)                removing `\z@' on input line 992.


Package hyperref Warning: Token not allowed in a PDF string (Unicode):
(hyperref)                removing `math shift' on input line 992.

[120]

Package hyperref Warning: Token not allowed in a PDF string (Unicode):
(hyperref)                removing `math shift' on input line 1010.


Package hyperref Warning: Token not allowed in a PDF string (Unicode):
(hyperref)                removing `\@@underline' on input line 1010.


Package hyperref Warning: Token not allowed in a PDF string (Unicode):
(hyperref)                removing `\hbox' on input line 1010.


Package hyperref Warning: Token not allowed in a PDF string (Unicode):
(hyperref)                removing `\mathsurround' on input line 1010.


Package hyperref Warning: Token not allowed in a PDF string (Unicode):
(hyperref)                removing `\z@' on input line 1010.


Package hyperref Warning: Token not allowed in a PDF string (Unicode):
(hyperref)                removing `math shift' on input line 1010.

[121] [122]) (Chapters/Chapter6.tex [123]
Chapter 6.
-------------------------------------------
 6 Results
-------------------------------------------

Underfull \hbox (badness 10000) in paragraph at lines 20--20
[]|\OT1/cmr/bx/n/12 Test
 []


Underfull \hbox (badness 10000) in paragraph at lines 20--20
\OT1/cmr/bx/n/12 Case
 []


Underfull \hbox (badness 10000) in paragraph at lines 20--20
[]|\OT1/cmr/bx/n/12 Expected
 []


Underfull \hbox (badness 10000) in paragraph at lines 20--20
[]|\OT1/cmr/bx/n/12 Actual
 []


Underfull \hbox (badness 10000) in paragraph at lines 20--20
[]|\OT1/cmr/bx/n/12 Executed
 []


Underfull \hbox (badness 2932) in paragraph at lines 24--24
[]|\OT1/cmr/m/n/12 Enter all valid
 []


Underfull \hbox (badness 10000) in paragraph at lines 25--25
[]|\OT1/cmr/m/n/12 Successful
 []


Underfull \hbox (badness 10000) in paragraph at lines 25--25
\OT1/cmr/m/n/12 reg-is-tra-
 []


Underfull \hbox (badness 10000) in paragraph at lines 25--25
\OT1/cmr/m/n/12 tion and
 []


Underfull \hbox (badness 10000) in paragraph at lines 25--25
\OT1/cmr/m/n/12 pop up
 []


Underfull \hbox (badness 10000) in paragraph at lines 25--25
\OT1/cmr/m/n/12 mes-sage
 []


Underfull \hbox (badness 10000) in paragraph at lines 25--25
\OT1/cmr/m/n/12 cess-fully
 []


Underfull \hbox (badness 10000) in paragraph at lines 26--26
[]|\OT1/cmr/m/n/12 Successful
 []


Underfull \hbox (badness 10000) in paragraph at lines 26--26
\OT1/cmr/m/n/12 reg-is-tra-
 []


Underfull \hbox (badness 10000) in paragraph at lines 26--26
\OT1/cmr/m/n/12 tion and
 []


Underfull \hbox (badness 10000) in paragraph at lines 26--26
\OT1/cmr/m/n/12 pop up
 []


Underfull \hbox (badness 10000) in paragraph at lines 26--26
\OT1/cmr/m/n/12 mes-sage
 []


Underfull \hbox (badness 10000) in paragraph at lines 26--26
\OT1/cmr/m/n/12 cess-fully
 []


Underfull \hbox (badness 10000) in paragraph at lines 34--34
[]|\OT1/cmr/m/n/12 Enter In-valid
 []


Underfull \hbox (badness 10000) in paragraph at lines 35--35
[]|\OT1/cmr/m/n/12 Sign up
 []


Underfull \hbox (badness 10000) in paragraph at lines 35--35
\OT1/cmr/m/n/12 but-ton
 []


Underfull \hbox (badness 10000) in paragraph at lines 36--36
[]|\OT1/cmr/m/n/12 Sign up
 []


Underfull \hbox (badness 10000) in paragraph at lines 36--36
\OT1/cmr/m/n/12 but-ton
 []


Underfull \hbox (badness 10000) in paragraph at lines 42--42
[]|\OT1/cmr/m/n/12 Enter In-valid
 []


Underfull \hbox (badness 10000) in paragraph at lines 43--43
[]|\OT1/cmr/m/n/12 Sign up
 []


Underfull \hbox (badness 10000) in paragraph at lines 43--43
\OT1/cmr/m/n/12 but-ton
 []


Underfull \hbox (badness 10000) in paragraph at lines 44--44
[]|\OT1/cmr/m/n/12 Sign up
 []


Underfull \hbox (badness 10000) in paragraph at lines 44--44
\OT1/cmr/m/n/12 but-ton
 []


Underfull \hbox (badness 10000) in paragraph at lines 50--50
[]|\OT1/cmr/m/n/12 Enter In-valid
 []


Underfull \hbox (badness 10000) in paragraph at lines 51--51
[]|\OT1/cmr/m/n/12 Sign up
 []


Underfull \hbox (badness 10000) in paragraph at lines 51--51
\OT1/cmr/m/n/12 but-ton
 []


Underfull \hbox (badness 10000) in paragraph at lines 52--52
[]|\OT1/cmr/m/n/12 Sign up
 []


Underfull \hbox (badness 10000) in paragraph at lines 52--52
\OT1/cmr/m/n/12 but-ton
 []


Underfull \hbox (badness 10000) in paragraph at lines 58--58
[]|\OT1/cmr/m/n/12 Enter In-valid
 []


Underfull \hbox (badness 10000) in paragraph at lines 59--59
[]|\OT1/cmr/m/n/12 Sign up
 []


Underfull \hbox (badness 10000) in paragraph at lines 59--59
\OT1/cmr/m/n/12 but-ton
 []


Underfull \hbox (badness 10000) in paragraph at lines 60--60
[]|\OT1/cmr/m/n/12 Sign up
 []


Underfull \hbox (badness 10000) in paragraph at lines 60--60
\OT1/cmr/m/n/12 but-ton
 []


Underfull \hbox (badness 10000) in paragraph at lines 66--66
[]|\OT1/cmr/m/n/12 Enter In-valid
 []


Underfull \hbox (badness 10000) in paragraph at lines 66--66
\OT1/cmr/m/n/12 Reg-is-tra-tion
 []


Underfull \hbox (badness 10000) in paragraph at lines 67--67
[]|\OT1/cmr/m/n/12 Sign up
 []


Underfull \hbox (badness 10000) in paragraph at lines 67--67
\OT1/cmr/m/n/12 but-ton
 []


Underfull \hbox (badness 10000) in paragraph at lines 68--68
[]|\OT1/cmr/m/n/12 Sign up
 []


Underfull \hbox (badness 10000) in paragraph at lines 68--68
\OT1/cmr/m/n/12 but-ton
 []


Underfull \vbox (badness 10000) detected at line 76
 []

[124

]
Underfull \hbox (badness 10000) in paragraph at lines 103--103
[]|\OT1/cmr/bx/n/12 Test
 []


Underfull \hbox (badness 10000) in paragraph at lines 103--103
\OT1/cmr/bx/n/12 Case
 []


Underfull \hbox (badness 10000) in paragraph at lines 103--103
[]|\OT1/cmr/bx/n/12 Expected
 []


Underfull \hbox (badness 10000) in paragraph at lines 103--103
[]|\OT1/cmr/bx/n/12 Actual
 []


Underfull \hbox (badness 10000) in paragraph at lines 103--103
[]|\OT1/cmr/bx/n/12 Executed
 []


Underfull \hbox (badness 2932) in paragraph at lines 107--107
[]|\OT1/cmr/m/n/12 Enter all valid
 []


Underfull \hbox (badness 10000) in paragraph at lines 108--108
[]|\OT1/cmr/m/n/12 Successful
 []


Underfull \hbox (badness 10000) in paragraph at lines 109--109
[]|\OT1/cmr/m/n/12 Successful
 []


Underfull \hbox (badness 10000) in paragraph at lines 117--117
[]|\OT1/cmr/m/n/12 Enter In-valid
 []


Underfull \hbox (badness 10000) in paragraph at lines 118--118
[]|\OT1/cmr/m/n/12 Login
 []


Underfull \hbox (badness 10000) in paragraph at lines 118--118
\OT1/cmr/m/n/12 but-ton
 []


Underfull \hbox (badness 10000) in paragraph at lines 119--119
[]|\OT1/cmr/m/n/12 Login
 []


Underfull \hbox (badness 10000) in paragraph at lines 119--119
\OT1/cmr/m/n/12 but-ton
 []


Underfull \hbox (badness 10000) in paragraph at lines 125--125
[]|\OT1/cmr/m/n/12 Enter In-valid
 []


Underfull \hbox (badness 10000) in paragraph at lines 126--126
[]|\OT1/cmr/m/n/12 Login
 []


Underfull \hbox (badness 10000) in paragraph at lines 126--126
\OT1/cmr/m/n/12 but-ton
 []


Underfull \hbox (badness 10000) in paragraph at lines 127--127
[]|\OT1/cmr/m/n/12 Login
 []


Underfull \hbox (badness 10000) in paragraph at lines 127--127
\OT1/cmr/m/n/12 but-ton
 []


Underfull \vbox (badness 10000) detected at line 136
 []


Overfull \hbox (11.17145pt too wide) in paragraph at lines 140--140
|[]\OT1/cmr/bx/n/14.4 Test Sce-nario TS-3: Teacher's Re-quest Ap-proval Func-
 []

[125]
Underfull \hbox (badness 10000) in paragraph at lines 156--156
[]|\OT1/cmr/bx/n/12 Executed
 []


Underfull \hbox (badness 6675) in paragraph at lines 159--159
\OT1/cmr/m/n/12 proved and teacher
 []


Underfull \hbox (badness 6675) in paragraph at lines 160--160
\OT1/cmr/m/n/12 proved and teacher
 []


Underfull \vbox (badness 10000) detected at line 166
 []


Overfull \hbox (0.65732pt too wide) in paragraph at lines 182--183
[]\OT1/cmr/m/n/12 Request is dis-ap-proved by sys-tem and dis-ap-proval email i
s sent to the teacher. 
 []

[126]
Underfull \hbox (badness 10000) in paragraph at lines 189--189
[]|\OT1/cmr/bx/n/12 Executed
 []


Underfull \vbox (badness 10000) detected at line 199
 []


Overfull \hbox (11.77142pt too wide) in paragraph at lines 203--203
|[]\OT1/cmr/bx/n/14.4 Test Sce-nario TS-5: Stu-dents' Re-quest Ap-proval Func-
 []


Underfull \hbox (badness 10000) in paragraph at lines 219--219
[]|\OT1/cmr/bx/n/12 Executed
 []


Underfull \hbox (badness 5091) in paragraph at lines 222--222
\OT1/cmr/m/n/12 proved and stu-dent
 []


Underfull \hbox (badness 5091) in paragraph at lines 223--223
\OT1/cmr/m/n/12 proved and stu-dent
 []


Underfull \vbox (badness 10000) detected at line 229
 []

[127]
Underfull \hbox (badness 10000) in paragraph at lines 251--251
[]|\OT1/cmr/bx/n/12 Executed
 []


Underfull \vbox (badness 10000) detected at line 261
 []


Underfull \hbox (badness 10000) in paragraph at lines 282--282
[]|\OT1/cmr/bx/n/12 Test
 []


Underfull \hbox (badness 10000) in paragraph at lines 282--282
\OT1/cmr/bx/n/12 Case
 []


Underfull \hbox (badness 10000) in paragraph at lines 282--282
[]|\OT1/cmr/bx/n/12 Expected
 []


Underfull \hbox (badness 10000) in paragraph at lines 282--282
[]|\OT1/cmr/bx/n/12 Actual
 []


Underfull \hbox (badness 10000) in paragraph at lines 282--282
[]|\OT1/cmr/bx/n/12 Executed
 []


Underfull \hbox (badness 2932) in paragraph at lines 286--286
[]|\OT1/cmr/m/n/12 Enter all valid
 []


Underfull \hbox (badness 10000) in paragraph at lines 287--287
[]|\OT1/cmr/m/n/12 Pop up
 []


Underfull \hbox (badness 10000) in paragraph at lines 287--287
\OT1/cmr/m/n/12 mes-sage
 []


Underfull \hbox (badness 10000) in paragraph at lines 287--287
\OT1/cmr/m/n/12 "Course
 []


Underfull \hbox (badness 10000) in paragraph at lines 287--287
\OT1/cmr/m/n/12 Added
 []


Underfull \hbox (badness 10000) in paragraph at lines 287--287
\OT1/cmr/m/n/12 Suc-cess-
 []


Underfull \hbox (badness 10000) in paragraph at lines 288--288
[]|\OT1/cmr/m/n/12 Pop up
 []


Underfull \hbox (badness 10000) in paragraph at lines 288--288
\OT1/cmr/m/n/12 mes-sage
 []


Underfull \hbox (badness 10000) in paragraph at lines 288--288
\OT1/cmr/m/n/12 "Course
 []


Underfull \hbox (badness 10000) in paragraph at lines 288--288
\OT1/cmr/m/n/12 Added
 []


Underfull \hbox (badness 10000) in paragraph at lines 288--288
\OT1/cmr/m/n/12 Suc-cess-
 []


Underfull \hbox (badness 10000) in paragraph at lines 296--296
[]|\OT1/cmr/m/n/12 Enter In-valid
 []


Underfull \hbox (badness 10000) in paragraph at lines 297--297
[]|\OT1/cmr/m/n/12 Add
 []


Underfull \hbox (badness 10000) in paragraph at lines 297--297
\OT1/cmr/m/n/12 but-ton
 []


Underfull \hbox (badness 10000) in paragraph at lines 298--298
[]|\OT1/cmr/m/n/12 Add
 []


Underfull \hbox (badness 10000) in paragraph at lines 298--298
\OT1/cmr/m/n/12 but-ton
 []


Underfull \hbox (badness 10000) in paragraph at lines 304--304
[]|\OT1/cmr/m/n/12 Enter In-valid
 []


Underfull \hbox (badness 10000) in paragraph at lines 305--305
[]|\OT1/cmr/m/n/12 Add
 []


Underfull \hbox (badness 10000) in paragraph at lines 305--305
\OT1/cmr/m/n/12 but-ton
 []


Underfull \hbox (badness 10000) in paragraph at lines 306--306
[]|\OT1/cmr/m/n/12 Add
 []


Underfull \hbox (badness 10000) in paragraph at lines 306--306
\OT1/cmr/m/n/12 but-ton
 []


Underfull \vbox (badness 10000) detected at line 312
 []

[128]
Underfull \hbox (badness 10000) in paragraph at lines 336--336
[]|\OT1/cmr/bx/n/12 Test
 []


Underfull \hbox (badness 10000) in paragraph at lines 336--336
\OT1/cmr/bx/n/12 Case
 []


Underfull \hbox (badness 10000) in paragraph at lines 336--336
[]|\OT1/cmr/bx/n/12 Expected
 []


Underfull \hbox (badness 10000) in paragraph at lines 336--336
[]|\OT1/cmr/bx/n/12 Actual
 []


Underfull \hbox (badness 10000) in paragraph at lines 336--336
[]|\OT1/cmr/bx/n/12 Executed
 []


Underfull \hbox (badness 2932) in paragraph at lines 340--340
[]|\OT1/cmr/m/n/12 Enter all valid
 []


Underfull \hbox (badness 10000) in paragraph at lines 341--341
[]|\OT1/cmr/m/n/12 Pop up
 []


Underfull \hbox (badness 10000) in paragraph at lines 341--341
\OT1/cmr/m/n/12 mes-sage
 []


Underfull \hbox (badness 10000) in paragraph at lines 341--341
\OT1/cmr/m/n/12 "Course
 []


Underfull \hbox (badness 10000) in paragraph at lines 341--341
\OT1/cmr/m/n/12 Up-dated
 []


Underfull \hbox (badness 10000) in paragraph at lines 341--341
\OT1/cmr/m/n/12 Suc-cess-
 []


Underfull \hbox (badness 10000) in paragraph at lines 342--342
[]|\OT1/cmr/m/n/12 Pop up
 []


Underfull \hbox (badness 10000) in paragraph at lines 342--342
\OT1/cmr/m/n/12 mes-sage
 []


Underfull \hbox (badness 10000) in paragraph at lines 342--342
\OT1/cmr/m/n/12 "Course
 []


Underfull \hbox (badness 10000) in paragraph at lines 342--342
\OT1/cmr/m/n/12 Up-dated
 []


Underfull \hbox (badness 10000) in paragraph at lines 342--342
\OT1/cmr/m/n/12 Suc-cess-
 []


Underfull \hbox (badness 10000) in paragraph at lines 350--350
[]|\OT1/cmr/m/n/12 Enter In-valid
 []


Underfull \hbox (badness 10000) in paragraph at lines 351--351
[]|\OT1/cmr/m/n/12 Save
 []


Underfull \hbox (badness 10000) in paragraph at lines 351--351
\OT1/cmr/m/n/12 but-ton
 []


Underfull \hbox (badness 10000) in paragraph at lines 352--352
[]|\OT1/cmr/m/n/12 Save
 []


Underfull \hbox (badness 10000) in paragraph at lines 352--352
\OT1/cmr/m/n/12 but-ton
 []


Underfull \hbox (badness 10000) in paragraph at lines 358--358
[]|\OT1/cmr/m/n/12 Enter In-valid
 []


Underfull \hbox (badness 10000) in paragraph at lines 359--359
[]|\OT1/cmr/m/n/12 Save
 []


Underfull \hbox (badness 10000) in paragraph at lines 359--359
\OT1/cmr/m/n/12 but-ton
 []


Underfull \hbox (badness 10000) in paragraph at lines 360--360
[]|\OT1/cmr/m/n/12 Save
 []


Underfull \hbox (badness 10000) in paragraph at lines 360--360
\OT1/cmr/m/n/12 but-ton
 []


Underfull \vbox (badness 10000) detected at line 366
 []

[129]
Underfull \hbox (badness 10000) in paragraph at lines 385--385
[]|\OT1/cmr/bx/n/12 Executed
 []


Underfull \hbox (badness 10000) in paragraph at lines 388--388
[]|\OT1/cmr/m/n/12 Pop up mes-sage
 []


Underfull \hbox (badness 10000) in paragraph at lines 388--388
\OT1/cmr/m/n/12 "Course deleted
 []


Underfull \hbox (badness 10000) in paragraph at lines 389--389
[]|\OT1/cmr/m/n/12 Pop up mes-sage
 []


Underfull \hbox (badness 10000) in paragraph at lines 389--389
\OT1/cmr/m/n/12 "Course deleted
 []


Underfull \vbox (badness 10000) detected at line 395
 []


Underfull \hbox (badness 10000) in paragraph at lines 417--417
[]|\OT1/cmr/bx/n/12 Executed
 []


Underfull \hbox (badness 4366) in paragraph at lines 420--420
[]|\OT1/cmr/m/n/12 Course de-tails page
 []


Underfull \hbox (badness 4366) in paragraph at lines 421--421
[]|\OT1/cmr/m/n/12 Course de-tails page
 []


Underfull \vbox (badness 10000) detected at line 427
 []

[130]
Underfull \hbox (badness 10000) in paragraph at lines 449--449
[]|\OT1/cmr/bx/n/12 Executed
 []


Underfull \hbox (badness 10000) in paragraph at lines 452--452
[]|\OT1/cmr/m/n/12 Pop up mes-sage
 []


Underfull \hbox (badness 10000) in paragraph at lines 452--452
\OT1/cmr/m/n/12 "Course As-sign-ment
 []


Underfull \hbox (badness 10000) in paragraph at lines 453--453
[]|\OT1/cmr/m/n/12 Pop up mes-sage
 []


Underfull \hbox (badness 10000) in paragraph at lines 453--453
\OT1/cmr/m/n/12 "Course As-sign-ment
 []


Underfull \vbox (badness 10000) detected at line 459
 []


Overfull \hbox (10.50475pt too wide) in paragraph at lines 463--463
|[]\OT1/cmr/bx/n/14.4 Test Sce-nario TS-12: Down-load-ing As-sign-ment Func-
 []


Underfull \hbox (badness 10000) in paragraph at lines 483--483
[]|\OT1/cmr/bx/n/12 Executed
 []


Underfull \hbox (badness 10000) in paragraph at lines 486--486
[]|\OT1/cmr/m/n/12 Assignment down-
 []


Underfull \hbox (badness 10000) in paragraph at lines 487--487
[]|\OT1/cmr/m/n/12 Assignment down-
 []


Underfull \vbox (badness 10000) detected at line 493
 []

[131]
Underfull \hbox (badness 10000) in paragraph at lines 517--517
[]|\OT1/cmr/bx/n/12 Executed
 []


Underfull \vbox (badness 10000) detected at line 527
 []

[132]
Underfull \hbox (badness 10000) in paragraph at lines 554--554
[]|\OT1/cmr/bx/n/12 Executed
 []


Underfull \hbox (badness 2293) in paragraph at lines 557--557
[]|\OT1/cmr/m/n/12 Toast mes-sage "An-
 []


Underfull \hbox (badness 10000) in paragraph at lines 557--557
\OT1/cmr/m/n/12 nounce-ment Added
 []


Underfull \hbox (badness 2293) in paragraph at lines 558--558
[]|\OT1/cmr/m/n/12 Toast mes-sage "An-
 []


Underfull \hbox (badness 10000) in paragraph at lines 558--558
\OT1/cmr/m/n/12 nounce-ment Added
 []


Underfull \vbox (badness 10000) detected at line 564
 []


Underfull \hbox (badness 10000) in paragraph at lines 591--591
[]|\OT1/cmr/bx/n/12 Executed
 []


Underfull \hbox (badness 2293) in paragraph at lines 594--594
[]|\OT1/cmr/m/n/12 Toast mes-sage "An-
 []


Underfull \hbox (badness 2293) in paragraph at lines 595--595
[]|\OT1/cmr/m/n/12 Toast mes-sage "An-
 []


Underfull \vbox (badness 10000) detected at line 601
 []

[133]
Underfull \hbox (badness 10000) in paragraph at lines 627--627
[]|\OT1/cmr/bx/n/12 Executed
 []


Underfull \hbox (badness 2293) in paragraph at lines 630--630
[]|\OT1/cmr/m/n/12 Toast mes-sage "An-
 []


Underfull \hbox (badness 10000) in paragraph at lines 630--630
\OT1/cmr/m/n/12 nounce-ment Deleted
 []


Underfull \hbox (badness 2293) in paragraph at lines 631--631
[]|\OT1/cmr/m/n/12 Toast mes-sage "An-
 []


Underfull \hbox (badness 10000) in paragraph at lines 631--631
\OT1/cmr/m/n/12 nounce-ment Deleted
 []


Underfull \vbox (badness 10000) detected at line 637
 []


Underfull \hbox (badness 10000) in paragraph at lines 663--663
[]|\OT1/cmr/bx/n/12 Executed
 []


Underfull \hbox (badness 3668) in paragraph at lines 666--666
[]|\OT1/cmr/m/n/12 Toast mes-sage "As-
 []


Underfull \hbox (badness 10000) in paragraph at lines 666--666
\OT1/cmr/m/n/12 sign-ment Sub-mit-ted
 []


Underfull \hbox (badness 3668) in paragraph at lines 667--667
[]|\OT1/cmr/m/n/12 Toast mes-sage "As-
 []


Underfull \hbox (badness 10000) in paragraph at lines 667--667
\OT1/cmr/m/n/12 sign-ment Sub-mit-ted
 []


Underfull \vbox (badness 10000) detected at line 673
 []

[134]
Underfull \hbox (badness 10000) in paragraph at lines 699--699
[]|\OT1/cmr/bx/n/12 Executed
 []


Underfull \vbox (badness 10000) detected at line 709
 []


Underfull \hbox (badness 10000) in paragraph at lines 738--738
[]|\OT1/cmr/bx/n/12 Executed
 []


Underfull \vbox (badness 10000) detected at line 748
 []

[135]
Overfull \hbox (0.19649pt too wide) in paragraph at lines 751--751
|[]\OT1/cmr/bx/n/14.4 Test Sce-nario TS-20: Down-load Course Notes Func-
 []


Underfull \hbox (badness 10000) in paragraph at lines 776--776
[]|\OT1/cmr/bx/n/12 Executed
 []


Underfull \vbox (badness 10000) detected at line 786
 []

[136]
Underfull \hbox (badness 10000) in paragraph at lines 813--813
[]|\OT1/cmr/bx/n/12 Executed
 []


Underfull \hbox (badness 4954) in paragraph at lines 816--816
\OT1/cmr/m/n/12 file deleted suc-cess-
 []


Underfull \hbox (badness 4954) in paragraph at lines 817--817
\OT1/cmr/m/n/12 file deleted suc-cess-
 []


Underfull \vbox (badness 10000) detected at line 823
 []


Underfull \hbox (badness 10000) in paragraph at lines 848--848
[]|\OT1/cmr/bx/n/12 Executed
 []


Underfull \vbox (badness 10000) detected at line 865
 []

[137]
Underfull \hbox (badness 10000) in paragraph at lines 893--893
[]|\OT1/cmr/bx/n/12 Executed
 []


Underfull \hbox (badness 5924) in paragraph at lines 896--896
[]|\OT1/cmr/m/n/12 Disapproval mail is
 []


Underfull \hbox (badness 5924) in paragraph at lines 897--897
[]|\OT1/cmr/m/n/12 Disapproval mail is
 []


Underfull \vbox (badness 10000) detected at line 903
 []

[138]
Underfull \hbox (badness 10000) in paragraph at lines 931--931
[]|\OT1/cmr/bx/n/12 Executed
 []


Underfull \vbox (badness 10000) detected at line 941
 []


Underfull \hbox (badness 10000) in paragraph at lines 966--966
[]|\OT1/cmr/bx/n/12 Executed
 []


Underfull \hbox (badness 1072) in paragraph at lines 969--969
\OT1/cmr/m/n/12 he can now man-age
 []


Underfull \hbox (badness 1072) in paragraph at lines 970--970
\OT1/cmr/m/n/12 he can now man-age
 []


Underfull \vbox (badness 10000) detected at line 976
 []

[139]
Underfull \hbox (badness 10000) in paragraph at lines 1004--1004
[]|\OT1/cmr/bx/n/12 Executed
 []


Underfull \hbox (badness 10000) in paragraph at lines 1007--1007
[]|\OT1/cmr/m/n/12 Students as-sign-
 []


Underfull \hbox (badness 10000) in paragraph at lines 1008--1008
[]|\OT1/cmr/m/n/12 Students as-sign-
 []


Underfull \vbox (badness 10000) detected at line 1014
 []


Underfull \hbox (badness 10000) in paragraph at lines 1041--1041
[]|\OT1/cmr/bx/n/12 Executed
 []


Underfull \vbox (badness 10000) detected at line 1051
 []


Overfull \vbox (32.41191pt too high) has occurred while \output is active []


[140]
Underfull \hbox (badness 10000) in paragraph at lines 1067--1067
[]|\OT1/cmr/bx/n/12 Test
 []


Underfull \hbox (badness 10000) in paragraph at lines 1067--1067
\OT1/cmr/bx/n/12 Case
 []


Underfull \hbox (badness 10000) in paragraph at lines 1067--1067
[]|\OT1/cmr/bx/n/12 Expected
 []


Underfull \hbox (badness 10000) in paragraph at lines 1067--1067
[]|\OT1/cmr/bx/n/12 Actual
 []


Underfull \hbox (badness 10000) in paragraph at lines 1067--1067
[]|\OT1/cmr/bx/n/12 Executed
 []


Underfull \hbox (badness 10000) in paragraph at lines 1072--1072
[]|\OT1/cmr/m/n/12 Successful
 []


Underfull \hbox (badness 10000) in paragraph at lines 1073--1073
[]|\OT1/cmr/m/n/12 Successful
 []


Underfull \hbox (badness 10000) in paragraph at lines 1081--1081
[]|\OT1/cmr/m/n/12 Enter In-valid
 []


Underfull \hbox (badness 10000) in paragraph at lines 1082--1082
[]|\OT1/cmr/m/n/12 Pop up
 []


Underfull \hbox (badness 10000) in paragraph at lines 1082--1082
\OT1/cmr/m/n/12 mes-sage
 []


Underfull \hbox (badness 10000) in paragraph at lines 1082--1082
\OT1/cmr/m/n/12 "In-valid
 []


Underfull \hbox (badness 10000) in paragraph at lines 1082--1082
\OT1/cmr/m/n/12 email or
 []


Underfull \hbox (badness 10000) in paragraph at lines 1083--1083
[]|\OT1/cmr/m/n/12 Pop up
 []


Underfull \hbox (badness 10000) in paragraph at lines 1083--1083
\OT1/cmr/m/n/12 mes-sage
 []


Underfull \hbox (badness 10000) in paragraph at lines 1083--1083
\OT1/cmr/m/n/12 "In-valid
 []


Underfull \hbox (badness 10000) in paragraph at lines 1083--1083
\OT1/cmr/m/n/12 email or
 []


Underfull \hbox (badness 10000) in paragraph at lines 1089--1089
[]|\OT1/cmr/m/n/12 Enter In-valid
 []


Underfull \hbox (badness 10000) in paragraph at lines 1090--1090
[]|\OT1/cmr/m/n/12 Pop up
 []


Underfull \hbox (badness 10000) in paragraph at lines 1090--1090
\OT1/cmr/m/n/12 mes-sage
 []


Underfull \hbox (badness 10000) in paragraph at lines 1090--1090
\OT1/cmr/m/n/12 "In-valid
 []


Underfull \hbox (badness 10000) in paragraph at lines 1090--1090
\OT1/cmr/m/n/12 email or
 []


Underfull \hbox (badness 10000) in paragraph at lines 1091--1091
[]|\OT1/cmr/m/n/12 Pop up
 []


Underfull \hbox (badness 10000) in paragraph at lines 1091--1091
\OT1/cmr/m/n/12 mes-sage
 []


Underfull \hbox (badness 10000) in paragraph at lines 1091--1091
\OT1/cmr/m/n/12 "In-valid
 []


Underfull \hbox (badness 10000) in paragraph at lines 1091--1091
\OT1/cmr/m/n/12 email or
 []


Underfull \hbox (badness 10000) in paragraph at lines 1100--1100
[]|\OT1/cmr/m/n/12 Pop up
 []


Underfull \hbox (badness 10000) in paragraph at lines 1100--1100
\OT1/cmr/m/n/12 mes-sage
 []


Underfull \hbox (badness 10000) in paragraph at lines 1100--1100
\OT1/cmr/m/n/12 "In-valid
 []


Underfull \hbox (badness 10000) in paragraph at lines 1100--1100
\OT1/cmr/m/n/12 email or
 []


Underfull \hbox (badness 10000) in paragraph at lines 1101--1101
[]|\OT1/cmr/m/n/12 Pop up
 []


Underfull \hbox (badness 10000) in paragraph at lines 1101--1101
\OT1/cmr/m/n/12 mes-sage
 []


Underfull \hbox (badness 10000) in paragraph at lines 1101--1101
\OT1/cmr/m/n/12 "In-valid
 []


Underfull \hbox (badness 10000) in paragraph at lines 1101--1101
\OT1/cmr/m/n/12 email or
 []


Underfull \vbox (badness 10000) detected at line 1110
 []

[141]
Underfull \hbox (badness 10000) in paragraph at lines 1136--1136
[]|\OT1/cmr/bx/n/12 Executed
 []


Underfull \vbox (badness 10000) detected at line 1146
 []


Underfull \hbox (badness 10000) in paragraph at lines 1171--1171
[]|\OT1/cmr/bx/n/12 Executed
 []


Underfull \hbox (badness 3646) in paragraph at lines 1174--1174
[]|\OT1/cmr/m/n/12 Player screen opens
 []


Underfull \hbox (badness 3646) in paragraph at lines 1175--1175
[]|\OT1/cmr/m/n/12 Player screen opens
 []


Underfull \vbox (badness 10000) detected at line 1181
 []


Underfull \hbox (badness 10000) in paragraph at lines 1206--1206
[]|\OT1/cmr/bx/n/12 Executed
 []


Underfull \hbox (badness 10000) in paragraph at lines 1209--1209
[]|\OT1/cmr/m/n/12 Lecture down-loaded
 []


Underfull \hbox (badness 10000) in paragraph at lines 1210--1210
[]|\OT1/cmr/m/n/12 Lecture down-loaded
 []


Underfull \vbox (badness 10000) detected at line 1216
 []

[142]
Underfull \hbox (badness 10000) in paragraph at lines 1234--1234
[]|\OT1/cmr/bx/n/12 Executed
 []


Underfull \vbox (badness 10000) detected at line 1244
 []


Underfull \hbox (badness 10000) in paragraph at lines 1261--1261
[]|\OT1/cmr/bx/n/12 Executed
 []


Underfull \hbox (badness 10000) in paragraph at lines 1264--1264
[]|\OT1/cmr/m/n/12 Contact Us page
 []


Underfull \hbox (badness 10000) in paragraph at lines 1265--1265
[]|\OT1/cmr/m/n/12 Contact Us page
 []


Underfull \vbox (badness 10000) detected at line 1271
 []

) (Chapters/Chapter7.tex [143]
Chapter 7.
-------------------------------------------
 7 Future Work
-------------------------------------------
[144

]) [145]
-------------------------------------------
 References
-------------------------------------------
(uet_thesis.bbl [146


] [147] [148])
Package atveryend Info: Empty hook `BeforeClearDocument' on input line 193.
 [149]
Package atveryend Info: Empty hook `AfterLastShipout' on input line 193.
 (uet_thesis.aux)
Package atveryend Info: Executing hook `AtVeryEndDocument' on input line 193.
Package atveryend Info: Executing hook `AtEndAfterFileList' on input line 193.
Package rerunfilecheck Info: File `uet_thesis.out' has not changed.
(rerunfilecheck)             Checksum: E0E75147C56CC610DB82ACC77FEE39A7;55487.
Package atveryend Info: Empty hook `AtVeryVeryEnd' on input line 193.
 ) 
Here is how much of TeX's memory you used:
 16404 strings out of 480930
 235686 string characters out of 2901168
 481719 words of memory out of 3000000
 30729 multiletter control sequences out of 15000+200000
 541265 words of font info for 56 fonts, out of 3000000 for 9000
 1141 hyphenation exceptions out of 8191
 49i,13n,89p,1949b,474s stack positions out of 5000i,500n,10000p,200000b,50000s
 <C:\Users\DC\AppData\Local\MiKTeX\2.9\fonts/pk/ljfour/jknappen/ec/dpi600\tcr
m1200.pk><C:/Users/DC/AppData/Local/Programs/MiKTeX 2.9/fonts/type1/public/amsf
onts/cm/cmbx12.pfb><C:/Users/DC/AppData/Local/Programs/MiKTeX 2.9/fonts/type1/p
ublic/amsfonts/cm/cmcsc10.pfb><C:/Users/DC/AppData/Local/Programs/MiKTeX 2.9/fo
nts/type1/public/amsfonts/cm/cmr10.pfb><C:/Users/DC/AppData/Local/Programs/MiKT
eX 2.9/fonts/type1/public/amsfonts/cm/cmr12.pfb><C:/Users/DC/AppData/Local/Prog
rams/MiKTeX 2.9/fonts/type1/public/amsfonts/cm/cmr17.pfb><C:/Users/DC/AppData/L
ocal/Programs/MiKTeX 2.9/fonts/type1/public/amsfonts/cm/cmsl12.pfb><C:/Users/DC
/AppData/Local/Programs/MiKTeX 2.9/fonts/type1/public/amsfonts/cm/cmti12.pfb><C
:/Users/DC/AppData/Local/Programs/MiKTeX 2.9/fonts/type1/public/amsfonts/cm/cmt
t12.pfb>
Output written on uet_thesis.pdf (165 pages, 2688559 bytes).
PDF statistics:
 3046 PDF objects out of 3580 (max. 8388607)
 1272 named destinations out of 1440 (max. 500000)
 1681 words of extra memory for PDF output out of 10000 (max. 10000000)

