\BOOKMARK [0][-]{dummy.2}{\376\377\000A\000c\000k\000n\000o\000w\000l\000e\000d\000g\000m\000e\000n\000t\000s}{}% 1
\BOOKMARK [0][-]{dummy.4}{\376\377\000L\000i\000s\000t\000\040\000o\000f\000\040\000F\000i\000g\000u\000r\000e\000s}{}% 2
\BOOKMARK [0][-]{dummy.6}{\376\377\000L\000i\000s\000t\000\040\000o\000f\000\040\000T\000a\000b\000l\000e\000s}{}% 3
\BOOKMARK [0][-]{dummy.8}{\376\377\000A\000b\000b\000r\000e\000v\000i\000a\000t\000i\000o\000n\000s}{}% 4
\BOOKMARK [0][-]{dummy.11}{\376\377\000A\000b\000s\000t\000r\000a\000c\000t}{}% 5
\BOOKMARK [0][-]{chapter.12}{\376\377\0001\000\040\000I\000n\000t\000r\000o\000d\000u\000c\000t\000i\000o\000n}{}% 6
\BOOKMARK [1][-]{section.13}{\376\377\0001\000.\0001\000\040\000O\000v\000e\000r\000v\000i\000e\000w\000\040\000o\000f\000\040\000t\000h\000e\000\040\000P\000r\000o\000j\000e\000c\000t}{chapter.12}% 7
\BOOKMARK [1][-]{section.14}{\376\377\0001\000.\0002\000\040\000B\000a\000c\000k\000g\000r\000o\000u\000n\000d}{chapter.12}% 8
\BOOKMARK [1][-]{section.15}{\376\377\0001\000.\0003\000\040\000M\000o\000t\000i\000v\000a\000t\000i\000o\000n}{chapter.12}% 9
\BOOKMARK [1][-]{section.16}{\376\377\0001\000.\0004\000\040\000O\000b\000j\000e\000c\000t\000i\000v\000e\000s\000\040\000o\000f\000\040\000t\000h\000e\000\040\000P\000r\000o\000j\000e\000c\000t}{chapter.12}% 10
\BOOKMARK [2][-]{subsection.17}{\376\377\0001\000.\0004\000.\0001\000\040\000I\000n\000d\000u\000s\000t\000r\000y\000\040\000O\000b\000j\000e\000c\000t\000i\000v\000e\000s}{section.16}% 11
\BOOKMARK [2][-]{subsection.18}{\376\377\0001\000.\0004\000.\0002\000\040\000R\000e\000s\000e\000a\000r\000c\000h\000\040\000O\000b\000j\000e\000c\000t\000i\000v\000e\000s}{section.16}% 12
\BOOKMARK [2][-]{subsection.19}{\376\377\0001\000.\0004\000.\0003\000\040\000A\000c\000a\000d\000e\000m\000i\000c\000\040\000O\000b\000j\000e\000c\000t\000i\000v\000e\000s}{section.16}% 13
\BOOKMARK [1][-]{section.20}{\376\377\0001\000.\0005\000\040\000P\000r\000o\000b\000l\000e\000m\000\040\000S\000t\000a\000t\000e\000m\000e\000n\000t}{chapter.12}% 14
\BOOKMARK [1][-]{section.21}{\376\377\0001\000.\0006\000\040\000S\000c\000o\000p\000e\000\040\000o\000f\000\040\000t\000h\000e\000\040\000P\000r\000o\000j\000e\000c\000t}{chapter.12}% 15
\BOOKMARK [1][-]{section.22}{\376\377\0001\000.\0007\000\040\000C\000h\000a\000l\000l\000e\000n\000g\000e\000s}{chapter.12}% 16
\BOOKMARK [2][-]{subsection.23}{\376\377\0001\000.\0007\000.\0001\000\040\000T\000e\000c\000h\000n\000o\000l\000o\000g\000y\000\040\000S\000e\000l\000e\000c\000t\000i\000o\000n}{section.22}% 17
\BOOKMARK [2][-]{subsection.24}{\376\377\0001\000.\0007\000.\0002\000\040\000M\000a\000r\000k\000e\000r\000\040\000n\000o\000t\000\040\000V\000i\000s\000i\000b\000l\000e\000\040\000t\000o\000\040\000C\000a\000m\000e\000r\000a}{section.22}% 18
\BOOKMARK [2][-]{subsection.25}{\376\377\0001\000.\0007\000.\0003\000\040\000M\000a\000r\000k\000e\000r}{section.22}% 19
\BOOKMARK [2][-]{subsection.26}{\376\377\0001\000.\0007\000.\0004\000\040\000B\000a\000l\000l\000\040\000d\000e\000t\000e\000c\000t\000i\000o\000n}{section.22}% 20
\BOOKMARK [2][-]{subsection.27}{\376\377\0001\000.\0007\000.\0005\000\040\000M\000a\000r\000k\000e\000r\000\040\000T\000r\000a\000n\000s\000m\000i\000t\000t\000e\000r\000\040\000R\000a\000n\000g\000e}{section.22}% 21
\BOOKMARK [2][-]{subsection.28}{\376\377\0001\000.\0007\000.\0006\000\040\000P\000r\000e\000s\000s\000u\000r\000e\000\040\000S\000e\000n\000s\000o\000r\000\040\000h\000a\000n\000d\000l\000i\000n\000g}{section.22}% 22
\BOOKMARK [2][-]{subsection.29}{\376\377\0001\000.\0007\000.\0007\000\040\000D\000e\000f\000i\000n\000e\000d\000\040\000B\000o\000u\000n\000d\000a\000r\000y\000\040\000o\000f\000\040\000P\000l\000a\000t\000f\000o\000r\000m}{section.22}% 23
\BOOKMARK [2][-]{subsection.30}{\376\377\0001\000.\0007\000.\0008\000\040\000A\000u\000d\000i\000o\000\040\000T\000r\000a\000n\000s\000m\000i\000t\000t\000e\000r\000\040\000a\000n\000d\000\040\000R\000e\000c\000e\000i\000v\000e\000r\000\040\000R\000a\000n\000g\000e}{section.22}% 24
\BOOKMARK [2][-]{subsection.31}{\376\377\0001\000.\0007\000.\0009\000\040\000M\000i\000c\000r\000o\000p\000h\000o\000n\000e\000\040\000R\000a\000n\000g\000e}{section.22}% 25
\BOOKMARK [2][-]{subsection.32}{\376\377\0001\000.\0007\000.\0001\0000\000\040\000C\000o\000n\000t\000r\000o\000l\000l\000e\000r\000\040\000A\000p\000p\000l\000i\000c\000a\000t\000i\000o\000n}{section.22}% 26
\BOOKMARK [1][-]{section.33}{\376\377\0001\000.\0008\000\040\000A\000s\000s\000u\000m\000p\000t\000i\000o\000n\000s\000\040\000a\000n\000d\000\040\000C\000o\000n\000s\000t\000r\000a\000i\000n\000t\000s}{chapter.12}% 27
\BOOKMARK [1][-]{section.34}{\376\377\0001\000.\0009\000\040\000P\000o\000s\000s\000i\000b\000l\000e\000\040\000A\000p\000p\000l\000i\000c\000a\000t\000i\000o\000n\000s\000\040\000o\000f\000\040\000W\000o\000r\000k}{chapter.12}% 28
\BOOKMARK [2][-]{subsection.35}{\376\377\0001\000.\0009\000.\0001\000\040\000E\000d\000u\000c\000a\000t\000i\000o\000n\000a\000l\000\040\000I\000n\000s\000t\000i\000t\000u\000t\000e\000s}{section.34}% 29
\BOOKMARK [2][-]{subsection.37}{\376\377\0001\000.\0009\000.\0002\000\040\000O\000n\000l\000i\000n\000e\000\040\000T\000u\000t\000o\000r\000s}{section.34}% 30
\BOOKMARK [2][-]{subsection.39}{\376\377\0001\000.\0009\000.\0003\000\040\000S\000k\000e\000t\000c\000h\000\040\000A\000r\000t\000i\000s\000t}{section.34}% 31
\BOOKMARK [2][-]{subsection.41}{\376\377\0001\000.\0009\000.\0004\000\040\000I\000n\000d\000u\000s\000t\000r\000i\000a\000l\000\040\000P\000r\000e\000s\000e\000n\000t\000a\000t\000i\000o\000n\000s}{section.34}% 32
\BOOKMARK [0][-]{chapter.43}{\376\377\0002\000\040\000L\000i\000t\000e\000r\000a\000t\000u\000r\000e\000\040\000R\000e\000v\000i\000e\000w}{}% 33
\BOOKMARK [1][-]{section.44}{\376\377\0002\000.\0001\000\040\000L\000i\000t\000e\000r\000a\000t\000u\000r\000e\000\040\000R\000e\000v\000i\000e\000w}{chapter.43}% 34
\BOOKMARK [0][-]{chapter.45}{\376\377\0003\000\040\000P\000r\000o\000p\000o\000s\000e\000d\000\040\000M\000e\000t\000h\000o\000d\000o\000l\000o\000g\000y}{}% 35
\BOOKMARK [1][-]{section.46}{\376\377\0003\000.\0001\000\040\000P\000r\000o\000p\000o\000s\000e\000d\000\040\000S\000o\000l\000u\000t\000i\000o\000n}{chapter.45}% 36
\BOOKMARK [1][-]{section.47}{\376\377\0003\000.\0002\000\040\000G\000e\000n\000e\000r\000a\000l\000\040\000P\000r\000o\000p\000o\000s\000e\000d\000\040\000M\000o\000d\000e\000l}{chapter.45}% 37
\BOOKMARK [1][-]{section.49}{\376\377\0003\000.\0003\000\040\000G\000e\000n\000e\000r\000a\000l\000\040\000F\000l\000o\000w}{chapter.45}% 38
\BOOKMARK [1][-]{section.51}{\376\377\0003\000.\0004\000\040\000F\000o\000r\000m\000u\000l\000a\000s\000\040\000U\000s\000e\000d}{chapter.45}% 39
\BOOKMARK [1][-]{section.53}{\376\377\0003\000.\0005\000\040\000U\000s\000e\000-\000C\000a\000s\000e\000\040\000D\000i\000a\000g\000r\000a\000m\000s}{chapter.45}% 40
\BOOKMARK [2][-]{subsection.54}{\376\377\0003\000.\0005\000.\0001\000\040\000C\000o\000n\000t\000r\000o\000l\000l\000e\000r\000\040\000A\000p\000p\000l\000i\000c\000a\000t\000i\000o\000n}{section.53}% 41
\BOOKMARK [2][-]{subsection.56}{\376\377\0003\000.\0005\000.\0002\000\040\000P\000l\000a\000y\000e\000r\000\040\000A\000p\000p\000l\000i\000c\000a\000t\000i\000o\000n}{section.53}% 42
\BOOKMARK [2][-]{subsection.58}{\376\377\0003\000.\0005\000.\0003\000\040\000L\000M\000S\000\040\000W\000e\000b\000\040\000A\000p\000p\000l\000i\000c\000a\000t\000i\000o\000n}{section.53}% 43
\BOOKMARK [1][-]{section.61}{\376\377\0003\000.\0006\000\040\000U\000s\000e\000\040\000C\000a\000s\000e\000s\000\050\000W\000e\000b\000\040\000A\000p\000p\000\051}{chapter.45}% 44
\BOOKMARK [2][-]{subsection.62}{\376\377\0003\000.\0006\000.\0001\000\040\000U\000s\000e\000\040\000C\000a\000s\000e\000\040\000U\000C\000-\0001\000:\000\040\000U\000s\000e\000r\000\040\000R\000e\000g\000i\000s\000t\000r\000a\000t\000i\000o\000n}{section.61}% 45
\BOOKMARK [2][-]{subsection.93}{\376\377\0003\000.\0006\000.\0002\000\040\000U\000s\000e\000\040\000C\000a\000s\000e\000\040\000U\000C\000-\0002\000:\000\040\000U\000s\000e\000r\000\040\000L\000o\000g\000i\000n}{section.61}% 46
\BOOKMARK [2][-]{subsection.112}{\376\377\0003\000.\0006\000.\0003\000\040\000U\000s\000e\000\040\000C\000a\000s\000e\000\040\000U\000C\000-\0003\000:\000\040\000T\000e\000a\000c\000h\000e\000r\000'\000s\000\040\000R\000e\000q\000u\000e\000s\000t\000s\000\040\000A\000p\000p\000r\000o\000v\000a\000l\000/\000D\000i\000s\000a\000p\000p\000r\000o\000v\000a\000l}{section.61}% 47
\BOOKMARK [2][-]{subsection.146}{\376\377\0003\000.\0006\000.\0004\000\040\000U\000s\000e\000\040\000C\000a\000s\000e\000\040\000U\000C\000-\0004\000:\000\040\000S\000t\000u\000d\000e\000n\000t\000'\000s\000\040\000R\000e\000q\000u\000e\000s\000t\000s\000\040\000A\000p\000p\000r\000o\000v\000a\000l\000/\000D\000i\000s\000a\000p\000p\000r\000o\000v\000a\000l\000s}{section.61}% 48
\BOOKMARK [2][-]{subsection.180}{\376\377\0003\000.\0006\000.\0005\000\040\000U\000s\000e\000\040\000C\000a\000s\000e\000\040\000U\000C\000-\0005\000:\000\040\000A\000d\000d\000\040\000N\000e\000w\000\040\000C\000o\000u\000r\000s\000e}{section.61}% 49
\BOOKMARK [2][-]{subsection.208}{\376\377\0003\000.\0006\000.\0006\000\040\000U\000s\000e\000\040\000C\000a\000s\000e\000\040\000U\000C\000-\0006\000:\000\040\000E\000d\000i\000t\000\040\000C\000o\000u\000r\000s\000e}{section.61}% 50
\BOOKMARK [2][-]{subsection.237}{\376\377\0003\000.\0006\000.\0007\000\040\000U\000s\000e\000\040\000C\000a\000s\000e\000\040\000U\000C\000-\0007\000:\000\040\000D\000e\000l\000e\000t\000e\000\040\000C\000o\000u\000r\000s\000e}{section.61}% 51
\BOOKMARK [2][-]{subsection.259}{\376\377\0003\000.\0006\000.\0008\000\040\000U\000s\000e\000\040\000C\000a\000s\000e\000\040\000U\000C\000-\0008\000:\000\040\000V\000i\000e\000w\000\040\000C\000o\000u\000r\000s\000e\000s}{section.61}% 52
\BOOKMARK [2][-]{subsection.271}{\376\377\0003\000.\0006\000.\0009\000\040\000U\000s\000e\000\040\000C\000a\000s\000e\000\040\000U\000C\000-\0009\000:\000\040\000U\000p\000l\000o\000a\000d\000\040\000C\000o\000u\000r\000s\000e\000\040\000A\000s\000s\000i\000g\000n\000m\000e\000n\000t}{section.61}% 53
\BOOKMARK [2][-]{subsection.315}{\376\377\0003\000.\0006\000.\0001\0000\000\040\000U\000s\000e\000\040\000C\000a\000s\000e\000\040\000U\000C\000-\0001\0000\000:\000\040\000V\000i\000e\000w\000\040\000C\000o\000u\000r\000s\000e\000\040\000A\000s\000s\000i\000g\000n\000m\000e\000n\000t\000s}{section.61}% 54
\BOOKMARK [2][-]{subsection.343}{\376\377\0003\000.\0006\000.\0001\0001\000\040\000U\000s\000e\000\040\000C\000a\000s\000e\000\040\000U\000C\000-\0001\0001\000:\000\040\000D\000o\000w\000n\000l\000o\000a\000d\000\040\000C\000o\000u\000r\000s\000e\000\040\000A\000s\000s\000i\000g\000n\000m\000e\000n\000t}{section.61}% 55
\BOOKMARK [2][-]{subsection.376}{\376\377\0003\000.\0006\000.\0001\0002\000\040\000U\000s\000e\000\040\000C\000a\000s\000e\000\040\000U\000C\000-\0001\0002\000:\000\040\000D\000e\000l\000e\000t\000e\000\040\000C\000o\000u\000r\000s\000e\000\040\000A\000s\000s\000i\000g\000n\000m\000e\000n\000t}{section.61}% 56
\BOOKMARK [2][-]{subsection.412}{\376\377\0003\000.\0006\000.\0001\0003\000\040\000U\000s\000e\000\040\000C\000a\000s\000e\000\040\000U\000C\000-\0001\0003\000:\000\040\000A\000d\000d\000\040\000C\000o\000u\000r\000s\000e\000\040\000A\000n\000n\000o\000u\000n\000c\000e\000m\000e\000n\000t}{section.61}% 57
\BOOKMARK [2][-]{subsection.451}{\376\377\0003\000.\0006\000.\0001\0004\000\040\000U\000s\000e\000\040\000C\000a\000s\000e\000\040\000U\000C\000-\0001\0004\000\040\000:\000E\000d\000i\000t\000\040\000C\000o\000u\000r\000s\000e\000\040\000A\000n\000n\000o\000u\000n\000c\000e\000m\000e\000n\000t}{section.61}% 58
\BOOKMARK [2][-]{subsection.494}{\376\377\0003\000.\0006\000.\0001\0005\000\040\000U\000s\000e\000\040\000C\000a\000s\000e\000\040\000U\000C\000-\0001\0005\000:\000\040\000D\000e\000l\000e\000t\000e\000\040\000C\000o\000u\000r\000s\000e\000\040\000A\000n\000n\000o\000u\000n\000c\000e\000m\000e\000n\000t}{section.61}% 59
\BOOKMARK [2][-]{subsection.530}{\376\377\0003\000.\0006\000.\0001\0006\000\040\000U\000s\000e\000\040\000C\000a\000s\000e\000\040\000U\000C\000-\0001\0006\000:\000\040\000S\000t\000u\000d\000e\000n\000t\000\040\000A\000s\000s\000i\000g\000n\000m\000e\000n\000t\000\040\000S\000u\000b\000m\000i\000s\000s\000i\000o\000n}{section.61}% 60
\BOOKMARK [2][-]{subsection.570}{\376\377\0003\000.\0006\000.\0001\0007\000\040\000U\000s\000e\000\040\000C\000a\000s\000e\000\040\000U\000C\000-\0001\0007\000:\000\040\000U\000p\000l\000o\000a\000d\000\040\000C\000o\000u\000r\000s\000e\000\040\000N\000o\000t\000e\000s}{section.61}% 61
\BOOKMARK [2][-]{subsection.612}{\376\377\0003\000.\0006\000.\0001\0008\000\040\000U\000s\000e\000\040\000C\000a\000s\000e\000\040\000U\000C\000-\0001\0008\000:\000\040\000V\000i\000e\000w\000\040\000C\000o\000u\000r\000s\000e\000\040\000N\000o\000t\000e\000s}{section.61}% 62
\BOOKMARK [2][-]{subsection.640}{\376\377\0003\000.\0006\000.\0001\0009\000\040\000U\000s\000e\000\040\000C\000a\000s\000e\000\040\000U\000C\000-\0001\0009\000:\000\040\000D\000o\000w\000n\000l\000o\000a\000d\000\040\000C\000o\000u\000r\000s\000e\000\040\000n\000o\000t\000e\000s}{section.61}% 63
\BOOKMARK [2][-]{subsection.673}{\376\377\0003\000.\0006\000.\0002\0000\000\040\000U\000s\000e\000\040\000C\000a\000s\000e\000\040\000U\000C\000-\0002\0000\000:\000\040\000D\000e\000l\000e\000t\000e\000\040\000C\000o\000u\000r\000s\000e\000\040\000N\000o\000t\000e\000s}{section.61}% 64
\BOOKMARK [2][-]{subsection.709}{\376\377\0003\000.\0006\000.\0002\0001\000\040\000U\000s\000e\000\040\000C\000a\000s\000e\000\040\000U\000C\000-\0002\0001\000:\000\040\000S\000t\000u\000d\000e\000n\000t\000'\000s\000\040\000C\000o\000u\000r\000s\000e\000\040\000E\000n\000r\000o\000l\000m\000e\000n\000t}{section.61}% 65
\BOOKMARK [2][-]{subsection.729}{\376\377\0003\000.\0006\000.\0002\0002\000\040\000U\000s\000e\000\040\000C\000a\000s\000e\000\040\000U\000C\000-\0002\0002\000:\000\040\000C\000o\000u\000r\000s\000e\000\040\000E\000n\000r\000o\000l\000m\000e\000n\000t\000\040\000R\000e\000q\000u\000e\000s\000t\000s\000\040\000H\000a\000n\000d\000l\000i\000n\000g}{section.61}% 66
\BOOKMARK [2][-]{subsection.770}{\376\377\0003\000.\0006\000.\0002\0003\000\040\000U\000s\000e\000\040\000C\000a\000s\000e\000\040\000U\000C\000-\0002\0003\000:\000\040\000A\000s\000s\000i\000g\000n\000\040\000C\000o\000u\000r\000s\000e\000s}{section.61}% 67
\BOOKMARK [2][-]{subsection.801}{\376\377\0003\000.\0006\000.\0002\0004\000\040\000U\000s\000e\000\040\000C\000a\000s\000e\000\040\000U\000C\000-\0002\0004\000:\000\040\000V\000i\000e\000w\000\040\000S\000t\000u\000d\000e\000n\000t\000s\000\040\000A\000s\000s\000i\000g\000n\000m\000e\000n\000t\000s}{section.61}% 68
\BOOKMARK [2][-]{subsection.818}{\376\377\0003\000.\0006\000.\0002\0005\000\040\000U\000s\000e\000\040\000C\000a\000s\000e\000\040\000U\000C\000-\0002\0005\000:\000\040\000D\000o\000w\000n\000l\000o\000a\000d\000\040\000S\000t\000u\000d\000e\000n\000t\000'\000s\000\040\000A\000s\000s\000i\000g\000n\000m\000e\000n\000t\000s}{section.61}% 69
\BOOKMARK [1][-]{section.843}{\376\377\0003\000.\0007\000\040\000U\000s\000e\000\040\000C\000a\000s\000e\000s\000\040\000\050\000O\000f\000f\000l\000i\000n\000e\000\040\000P\000l\000a\000y\000e\000r\000\051}{chapter.45}% 70
\BOOKMARK [2][-]{subsection.844}{\376\377\0003\000.\0007\000.\0001\000\040\000U\000s\000e\000\040\000C\000a\000s\000e\000\040\000U\000C\0001\000:\000\040\000U\000s\000e\000r\000\040\000A\000u\000t\000h\000e\000n\000t\000i\000c\000a\000t\000i\000o\000n}{section.843}% 71
\BOOKMARK [2][-]{subsection.859}{\376\377\0003\000.\0007\000.\0002\000\040\000U\000s\000e\000\040\000C\000a\000s\000e\000\040\000U\000C\0002\000:\000\040\000V\000i\000e\000w\000\040\000L\000e\000c\000t\000u\000r\000e\000\040\000P\000l\000a\000y\000l\000i\000s\000t\000\050\000O\000n\000l\000i\000n\000e\000\051}{section.843}% 72
\BOOKMARK [2][-]{subsection.872}{\376\377\0003\000.\0007\000.\0003\000\040\000U\000s\000e\000\040\000C\000a\000s\000e\000\040\000U\000C\0003\000:\000\040\000V\000i\000e\000w\000\040\000L\000e\000c\000t\000u\000r\000e\000\040\000P\000l\000a\000y\000l\000i\000s\000t\000\050\000O\000f\000f\000l\000i\000n\000e\000\051}{section.843}% 73
\BOOKMARK [2][-]{subsection.880}{\376\377\0003\000.\0007\000.\0004\000\040\000U\000s\000e\000\040\000C\000a\000s\000e\000\040\000U\000C\0004\000:\000\040\000P\000l\000a\000y\000\040\000L\000e\000c\000t\000u\000r\000e\000\050\000O\000n\000l\000i\000n\000e\000\051}{section.843}% 74
\BOOKMARK [2][-]{subsection.894}{\376\377\0003\000.\0007\000.\0005\000\040\000U\000s\000e\000\040\000C\000a\000s\000e\000\040\000U\000C\0005\000:\000\040\000P\000l\000a\000y\000\040\000L\000e\000c\000t\000u\000r\000e\000\050\000O\000f\000f\000l\000i\000n\000e\000\051}{section.843}% 75
\BOOKMARK [2][-]{subsection.906}{\376\377\0003\000.\0007\000.\0006\000\040\000U\000s\000e\000\040\000C\000a\000s\000e\000\040\000U\000C\0006\000:\000\040\000V\000i\000e\000w\000\040\000A\000b\000o\000u\000t\000\040\000p\000a\000g\000e}{section.843}% 76
\BOOKMARK [2][-]{subsection.913}{\376\377\0003\000.\0007\000.\0007\000\040\000U\000s\000e\000\040\000C\000a\000s\000e\000\040\000U\000C\0007\000:\000\040\000V\000i\000e\000w\000\040\000C\000o\000n\000t\000a\000c\000t\000\040\000u\000s\000\040\000p\000a\000g\000e}{section.843}% 77
\BOOKMARK [1][-]{section.920}{\376\377\0003\000.\0008\000\040\000A\000r\000c\000h\000i\000t\000e\000c\000t\000u\000r\000e\000\040\000D\000i\000a\000g\000r\000a\000m}{chapter.45}% 78
\BOOKMARK [1][-]{section.922}{\376\377\0003\000.\0009\000\040\000M\000o\000d\000u\000l\000e\000s\000\040\000M\000e\000t\000h\000o\000d\000o\000l\000o\000g\000y\000\040\000D\000e\000s\000c\000r\000i\000p\000t\000i\000o\000n}{chapter.45}% 79
\BOOKMARK [2][-]{subsection.923}{\376\377\0003\000.\0009\000.\0001\000\040\000B\000o\000a\000r\000d\000\040\000M\000a\000r\000k\000e\000r}{section.922}% 80
\BOOKMARK [2][-]{subsection.924}{\376\377\0003\000.\0009\000.\0002\000\040\000A\000u\000d\000i\000o\000\040\000H\000a\000r\000d\000w\000a\000r\000e}{section.922}% 81
\BOOKMARK [3][-]{subsubsection.925}{\376\377\0003\000.\0009\000.\0002\000.\0001\000\040\000S\000t\000e\000r\000e\000o\000\040\000V\000i\000s\000i\000o\000n\000\040\000C\000a\000m\000e\000r\000a\000s}{subsection.924}% 82
\BOOKMARK [2][-]{subsection.927}{\376\377\0003\000.\0009\000.\0003\000\040\000C\000o\000n\000t\000r\000o\000l\000l\000e\000r\000\040\000A\000p\000p\000l\000i\000c\000a\000t\000i\000o\000n}{section.922}% 83
\BOOKMARK [3][-]{subsubsection.929}{\376\377\0003\000.\0009\000.\0003\000.\0001\000\040\000M\000a\000r\000k\000e\000r\000\040\000H\000a\000r\000d\000w\000a\000r\000e}{subsection.927}% 84
\BOOKMARK [2][-]{subsection.932}{\376\377\0003\000.\0009\000.\0004\000\040\000P\000l\000a\000y\000e\000r\000\040\000A\000p\000p\000l\000i\000c\000a\000t\000i\000o\000n}{section.922}% 85
\BOOKMARK [2][-]{subsection.933}{\376\377\0003\000.\0009\000.\0005\000\040\000O\000f\000f\000l\000i\000n\000e\000\040\000P\000l\000a\000y\000e\000r}{section.922}% 86
\BOOKMARK [2][-]{subsection.935}{\376\377\0003\000.\0009\000.\0006\000\040\000W\000e\000b\000G\000L\000\040\000P\000l\000a\000y\000e\000r}{section.922}% 87
\BOOKMARK [2][-]{subsection.937}{\376\377\0003\000.\0009\000.\0007\000\040\000L\000e\000a\000r\000n\000i\000n\000g\000\040\000M\000a\000n\000a\000g\000e\000m\000e\000n\000t\000\040\000S\000y\000s\000t\000e\000m}{section.922}% 88
\BOOKMARK [3][-]{subsubsection.938}{\376\377\0003\000.\0009\000.\0007\000.\0001\000\040\000E\000n\000t\000i\000t\000y\000\040\000R\000e\000l\000a\000t\000i\000o\000n\000s\000h\000i\000p\000\040\000D\000i\000a\000g\000r\000a\000m}{subsection.937}% 89
\BOOKMARK [3][-]{subsubsection.940}{\376\377\0003\000.\0009\000.\0007\000.\0002\000\040\000D\000a\000t\000a\000b\000a\000s\000e\000\040\000D\000i\000a\000g\000r\000a\000m}{subsection.937}% 90
\BOOKMARK [0][-]{chapter.942}{\376\377\0004\000\040\000I\000m\000p\000l\000e\000m\000e\000n\000t\000a\000t\000i\000o\000n\000\040\000D\000e\000t\000a\000i\000l\000s}{}% 91
\BOOKMARK [1][-]{section.943}{\376\377\0004\000.\0001\000\040\000I\000m\000p\000l\000e\000m\000e\000n\000t\000a\000t\000i\000o\000n}{chapter.942}% 92
\BOOKMARK [1][-]{section.944}{\376\377\0004\000.\0002\000\040\000O\000v\000e\000r\000a\000l\000l\000\040\000P\000r\000o\000j\000e\000c\000t\000\040\000S\000t\000r\000u\000c\000t\000u\000r\000e}{chapter.942}% 93
\BOOKMARK [1][-]{section.946}{\376\377\0004\000.\0003\000\040\000M\000a\000r\000k\000e\000r\000\040\000H\000a\000r\000d\000w\000a\000r\000e}{chapter.942}% 94
\BOOKMARK [2][-]{subsection.947}{\376\377\0004\000.\0003\000.\0001\000\040\000R\000e\000q\000u\000i\000r\000e\000m\000e\000n\000t\000s\000\040\000A\000d\000d\000r\000e\000s\000s\000e\000d}{section.946}% 95
\BOOKMARK [2][-]{subsection.949}{\376\377\0004\000.\0003\000.\0002\000\040\000G\000e\000n\000e\000r\000a\000l\000\040\000F\000l\000o\000w}{section.946}% 96
\BOOKMARK [2][-]{subsection.950}{\376\377\0004\000.\0003\000.\0003\000\040\000D\000e\000t\000a\000i\000l\000e\000d\000\040\000D\000e\000s\000i\000g\000n}{section.946}% 97
\BOOKMARK [3][-]{subsubsection.951}{\376\377\0004\000.\0003\000.\0003\000.\0001\000\040\000T\000a\000c\000t\000\040\000T\000a\000c\000t\000i\000l\000e\000\040\000S\000w\000i\000t\000c\000h}{subsection.950}% 98
\BOOKMARK [3][-]{subsubsection.953}{\376\377\0004\000.\0003\000.\0003\000.\0002\000\040\000U\000S\000B\000\040\000D\000C\000-\000D\000C\000\040\000B\000o\000o\000s\000t\000\040\000C\000o\000n\000v\000e\000r\000t\000e\000r}{subsection.950}% 99
\BOOKMARK [3][-]{subsubsection.955}{\376\377\0004\000.\0003\000.\0003\000.\0003\000\040\000G\000l\000o\000w\000i\000n\000g\000\040\000B\000a\000l\000l}{subsection.950}% 100
\BOOKMARK [3][-]{subsubsection.957}{\376\377\0004\000.\0003\000.\0003\000.\0004\000\040\000A\000r\000d\000u\000i\000n\000o\000\040\000n\000a\000n\000o}{subsection.950}% 101
\BOOKMARK [3][-]{subsubsection.959}{\376\377\0004\000.\0003\000.\0003\000.\0005\000\040\000L\000i\000-\000p\000o\000\040\000b\000a\000t\000t\000e\000r\000y}{subsection.950}% 102
\BOOKMARK [3][-]{subsubsection.961}{\376\377\0004\000.\0003\000.\0003\000.\0006\000\040\000d\000c\000-\000l\000e\0001\0004\0001\0001\0002\000\040\000R\000G\000B\000\040\000L\000e\000d}{subsection.950}% 103
\BOOKMARK [3][-]{subsubsection.963}{\376\377\0004\000.\0003\000.\0003\000.\0007\000\040\000M\000P\000U\000-\0006\0000\0005\0000}{subsection.950}% 104
\BOOKMARK [3][-]{subsubsection.965}{\376\377\0004\000.\0003\000.\0003\000.\0008\000\040\000n\000R\000F\0002\0004\000L\0000\0001}{subsection.950}% 105
\BOOKMARK [2][-]{subsection.967}{\376\377\0004\000.\0003\000.\0004\000\040\000M\000a\000r\000k\000e\000r\000\040\000T\000r\000a\000n\000s\000m\000i\000t\000t\000e\000r}{section.946}% 106
\BOOKMARK [3][-]{subsubsection.968}{\376\377\0004\000.\0003\000.\0004\000.\0001\000\040\000C\000o\000m\000p\000o\000n\000e\000n\000t\000s\000\040\000U\000s\000e\000d}{subsection.967}% 107
\BOOKMARK [3][-]{subsubsection.970}{\376\377\0004\000.\0003\000.\0004\000.\0002\000\040\000C\000o\000m\000p\000o\000n\000e\000n\000t\000\040\000C\000o\000n\000n\000e\000c\000t\000i\000o\000n\000\040\000D\000i\000a\000g\000r\000a\000m}{subsection.967}% 108
\BOOKMARK [3][-]{subsubsection.972}{\376\377\0004\000.\0003\000.\0004\000.\0003\000\040\000S\000c\000h\000e\000m\000a\000t\000i\000c\000\040\000D\000i\000a\000g\000r\000a\000m}{subsection.967}% 109
\BOOKMARK [3][-]{subsubsection.974}{\376\377\0004\000.\0003\000.\0004\000.\0004\000\040\000G\000e\000n\000e\000r\000a\000l\000\040\000F\000l\000o\000w}{subsection.967}% 110
\BOOKMARK [2][-]{subsection.976}{\376\377\0004\000.\0003\000.\0005\000\040\000M\000a\000r\000k\000e\000r\000\040\000R\000e\000c\000e\000i\000v\000e\000r}{section.946}% 111
\BOOKMARK [3][-]{subsubsection.977}{\376\377\0004\000.\0003\000.\0005\000.\0001\000\040\000C\000o\000m\000p\000o\000n\000e\000n\000t\000\040\000C\000o\000n\000n\000e\000c\000t\000i\000o\000n\000\040\000D\000i\000a\000g\000r\000a\000m}{subsection.976}% 112
\BOOKMARK [3][-]{subsubsection.979}{\376\377\0004\000.\0003\000.\0005\000.\0002\000\040\000S\000c\000h\000e\000m\000a\000t\000i\000c\000\040\000D\000i\000a\000g\000r\000a\000m}{subsection.976}% 113
\BOOKMARK [3][-]{subsubsection.981}{\376\377\0004\000.\0003\000.\0005\000.\0003\000\040\000G\000e\000n\000e\000r\000a\000l\000\040\000F\000l\000o\000w}{subsection.976}% 114
\BOOKMARK [2][-]{subsection.983}{\376\377\0004\000.\0003\000.\0006\000\040\000R\000u\000l\000e\000s\000\040\000a\000n\000d\000\040\000A\000s\000s\000u\000m\000p\000t\000i\000o\000n\000s}{section.946}% 115
\BOOKMARK [2][-]{subsection.985}{\376\377\0004\000.\0003\000.\0007\000\040\000T\000o\000o\000l\000s\000\040\000a\000n\000d\000\040\000T\000e\000c\000h\000n\000o\000l\000o\000g\000i\000e\000s\000\040\000u\000s\000e\000d}{section.946}% 116
\BOOKMARK [3][-]{subsubsection.986}{\376\377\0004\000.\0003\000.\0007\000.\0001\000\040\000A\000r\000d\000u\000i\000n\000o\000\040\000I\000D\000E\000\040\000v\0001\000.\0008\000.\0009}{subsection.985}% 117
\BOOKMARK [3][-]{subsubsection.987}{\376\377\0004\000.\0003\000.\0007\000.\0002\000\040\000P\000r\000o\000c\000e\000s\000s\000i\000n\000g\000\040\000v\0003\000.\0005\000.\0003}{subsection.985}% 118
\BOOKMARK [1][-]{section.989}{\376\377\0004\000.\0004\000\040\000A\000u\000d\000i\000o\000\040\000H\000a\000r\000d\000w\000a\000r\000e}{chapter.942}% 119
\BOOKMARK [2][-]{subsection.990}{\376\377\0004\000.\0004\000.\0001\000\040\000R\000e\000q\000u\000i\000r\000e\000m\000e\000n\000t\000s\000\040\000A\000d\000d\000r\000e\000s\000s\000e\000d}{section.989}% 120
\BOOKMARK [2][-]{subsection.992}{\376\377\0004\000.\0004\000.\0002\000\040\000G\000e\000n\000e\000r\000a\000l\000\040\000F\000l\000o\000w}{section.989}% 121
\BOOKMARK [2][-]{subsection.993}{\376\377\0004\000.\0004\000.\0003\000\040\000D\000e\000t\000a\000i\000l\000e\000d\000\040\000D\000e\000s\000i\000g\000n}{section.989}% 122
\BOOKMARK [3][-]{subsubsection.994}{\376\377\0004\000.\0004\000.\0003\000.\0001\000\040\000E\000l\000e\000c\000t\000r\000e\000t\000\040\000M\000i\000c\000r\000o\000p\000h\000o\000n\000e}{subsection.993}% 123
\BOOKMARK [3][-]{subsubsection.996}{\376\377\0004\000.\0004\000.\0003\000.\0002\000\040\0001\0000\0000\000K\000\040\000R\000e\000s\000i\000s\000t\000o\000r}{subsection.993}% 124
\BOOKMARK [3][-]{subsubsection.998}{\376\377\0004\000.\0004\000.\0003\000.\0003\000\040\000M\000i\000c\000r\000o\000p\000h\000o\000n\000e\000\040\000C\000i\000r\000c\000u\000i\000t}{subsection.993}% 125
\BOOKMARK [3][-]{subsubsection.999}{\376\377\0004\000.\0004\000.\0003\000.\0004\000\040\000I\000n\000p\000u\000t\000\040\000A\000u\000d\000i\000o\000\040\000S\000o\000c\000k\000e\000t}{subsection.993}% 126
\BOOKMARK [3][-]{subsubsection.1000}{\376\377\0004\000.\0004\000.\0003\000.\0005\000\040\000O\000u\000t\000p\000u\000t\000\040\000A\000u\000d\000i\000o\000\040\000S\000o\000c\000k\000e\000t}{subsection.993}% 127
\BOOKMARK [3][-]{subsubsection.1002}{\376\377\0004\000.\0004\000.\0003\000.\0006\000\040\000A\000r\000d\000u\000i\000n\000o\000\040\000n\000a\000n\000o}{subsection.993}% 128
\BOOKMARK [3][-]{subsubsection.1004}{\376\377\0004\000.\0004\000.\0003\000.\0007\000\040\000n\000R\000F\0002\0004\000L\0000\0001\000\040\000A\000d\000a\000p\000t\000e\000r}{subsection.993}% 129
\BOOKMARK [3][-]{subsubsection.1006}{\376\377\0004\000.\0004\000.\0003\000.\0008\000\040\000N\000o\000i\000s\000e\000\040\000R\000e\000d\000u\000c\000t\000i\000o\000n\000\040\000C\000i\000r\000c\000u\000i\000t}{subsection.993}% 130
\BOOKMARK [3][-]{subsubsection.1007}{\376\377\0004\000.\0004\000.\0003\000.\0009\000\040\000n\000R\000F\0002\0004\000L\0000\0001}{subsection.993}% 131
\BOOKMARK [2][-]{subsection.1009}{\376\377\0004\000.\0004\000.\0004\000\040\000A\000u\000d\000i\000o\000\040\000T\000r\000a\000n\000s\000m\000i\000t\000t\000e\000r}{section.989}% 132
\BOOKMARK [2][-]{subsection.1010}{\376\377\0004\000.\0004\000.\0005\000\040\000C\000o\000m\000p\000o\000n\000e\000n\000t\000s\000\040\000U\000s\000e\000d}{section.989}% 133
\BOOKMARK [2][-]{subsection.1012}{\376\377\0004\000.\0004\000.\0006\000\040\000C\000o\000m\000p\000o\000n\000e\000n\000t\000\040\000C\000o\000n\000n\000e\000c\000t\000i\000o\000n\000\040\000D\000i\000a\000g\000r\000a\000m}{section.989}% 134
\BOOKMARK [2][-]{subsection.1014}{\376\377\0004\000.\0004\000.\0007\000\040\000S\000c\000h\000e\000m\000a\000t\000i\000c\000\040\000D\000i\000a\000g\000r\000a\000m}{section.989}% 135
\BOOKMARK [2][-]{subsection.1016}{\376\377\0004\000.\0004\000.\0008\000\040\000G\000e\000n\000e\000r\000a\000l\000\040\000F\000l\000o\000w}{section.989}% 136
\BOOKMARK [2][-]{subsection.1018}{\376\377\0004\000.\0004\000.\0009\000\040\000A\000u\000d\000i\000o\000\040\000R\000e\000c\000e\000i\000v\000e\000r}{section.989}% 137
\BOOKMARK [2][-]{subsection.1019}{\376\377\0004\000.\0004\000.\0001\0000\000\040\000C\000o\000m\000p\000o\000n\000e\000n\000t\000s\000\040\000U\000s\000e\000d}{section.989}% 138
\BOOKMARK [2][-]{subsection.1021}{\376\377\0004\000.\0004\000.\0001\0001\000\040\000G\000e\000n\000e\000r\000a\000l\000\040\000F\000l\000o\000w}{section.989}% 139
\BOOKMARK [2][-]{subsection.1023}{\376\377\0004\000.\0004\000.\0001\0002\000\040\000R\000u\000l\000e\000s\000\040\000a\000n\000d\000\040\000A\000s\000s\000u\000m\000p\000t\000i\000o\000n\000s}{section.989}% 140
\BOOKMARK [2][-]{subsection.1024}{\376\377\0004\000.\0004\000.\0001\0003\000\040\000T\000o\000o\000l\000s\000\040\000a\000n\000d\000\040\000T\000e\000c\000h\000n\000o\000l\000o\000g\000i\000e\000s\000\040\000u\000s\000e\000d}{section.989}% 141
\BOOKMARK [3][-]{subsubsection.1025}{\376\377\0004\000.\0004\000.\0001\0003\000.\0001\000\040\000A\000r\000d\000u\000i\000n\000o\000\040\000I\000D\000E\000\040\000v\0001\000.\0008\000.\0009}{subsection.1024}% 142
\BOOKMARK [1][-]{section.1026}{\376\377\0004\000.\0005\000\040\000C\000o\000n\000t\000r\000o\000l\000l\000e\000r\000\040\000A\000p\000p\000l\000i\000c\000a\000t\000i\000o\000n}{chapter.942}% 143
\BOOKMARK [2][-]{subsection.1027}{\376\377\0004\000.\0005\000.\0001\000\040\000H\000o\000m\000e\000\040\000S\000c\000r\000e\000e\000n}{section.1026}% 144
\BOOKMARK [2][-]{subsection.1032}{\376\377\0004\000.\0005\000.\0002\000\040\000R\000e\000c\000o\000r\000d\000\040\000P\000a\000n\000e\000l\000\040\000S\000c\000r\000e\000e\000n}{section.1026}% 145
\BOOKMARK [2][-]{subsection.1050}{\376\377\0004\000.\0005\000.\0003\000\040\000P\000o\000s\000i\000t\000i\000o\000n\000\040\000C\000a\000l\000i\000b\000r\000a\000t\000i\000o\000n\000\040\000S\000c\000r\000e\000e\000n}{section.1026}% 146
\BOOKMARK [2][-]{subsection.1058}{\376\377\0004\000.\0005\000.\0004\000\040\000C\000a\000m\000e\000r\000a\000\040\000C\000o\000n\000t\000r\000o\000l\000\040\000P\000a\000n\000e\000l\000\040\000S\000c\000r\000e\000e\000n}{section.1026}% 147
\BOOKMARK [2][-]{subsection.1066}{\376\377\0004\000.\0005\000.\0005\000\040\000O\000r\000i\000e\000n\000t\000a\000t\000i\000o\000n\000\040\000C\000a\000l\000i\000b\000r\000a\000t\000i\000o\000n\000\040\000S\000c\000r\000e\000e\000n}{section.1026}% 148
\BOOKMARK [2][-]{subsection.1079}{\376\377\0004\000.\0005\000.\0006\000\040\0003\000d\000\040\000O\000r\000i\000e\000n\000t\000a\000t\000i\000o\000n\000\040\000S\000c\000r\000e\000e\000n}{section.1026}% 149
\BOOKMARK [2][-]{subsection.1081}{\376\377\0004\000.\0005\000.\0007\000\040\0002\000d\000\040\000O\000r\000i\000e\000n\000t\000a\000t\000i\000o\000n\000\040\000S\000c\000r\000e\000e\000n}{section.1026}% 150
\BOOKMARK [2][-]{subsection.1083}{\376\377\0004\000.\0005\000.\0008\000\040\000F\000i\000l\000t\000e\000r\000\040\000C\000o\000n\000t\000r\000o\000l\000\040\000P\000a\000n\000e\000l\000\040\000S\000c\000r\000e\000e\000n}{section.1026}% 151
\BOOKMARK [2][-]{subsection.1090}{\376\377\0004\000.\0005\000.\0009\000\040\000F\000i\000l\000t\000e\000r\000\040\000P\000r\000e\000v\000i\000e\000w\000\040\000S\000c\000r\000e\000e\000n}{section.1026}% 152
\BOOKMARK [2][-]{subsection.1098}{\376\377\0004\000.\0005\000.\0001\0000\000\040\000F\000l\000o\000w\000\040\000D\000i\000a\000g\000r\000a\000m}{section.1026}% 153
\BOOKMARK [2][-]{subsection.1100}{\376\377\0004\000.\0005\000.\0001\0001\000\040\000R\000u\000l\000e\000s\000\040\000a\000n\000d\000\040\000A\000s\000s\000u\000m\000p\000t\000i\000o\000n\000s}{section.1026}% 154
\BOOKMARK [2][-]{subsection.1101}{\376\377\0004\000.\0005\000.\0001\0002\000\040\000T\000o\000o\000l\000s\000\040\000a\000n\000d\000\040\000T\000e\000c\000h\000n\000o\000l\000o\000g\000i\000e\000s\000\040\000u\000s\000e\000d}{section.1026}% 155
\BOOKMARK [2][-]{subsection.1102}{\376\377\0004\000.\0005\000.\0001\0003\000\040\000V\000i\000s\000u\000a\000l\000\040\000S\000t\000u\000d\000i\000o\000\040\0002\0000\0001\0009}{section.1026}% 156
\BOOKMARK [1][-]{section.1103}{\376\377\0004\000.\0006\000\040\000P\000l\000a\000y\000e\000r\000\040\000A\000p\000p\000l\000i\000c\000a\000t\000i\000o\000n}{chapter.942}% 157
\BOOKMARK [2][-]{subsection.1109}{\376\377\0004\000.\0006\000.\0001\000\040\000P\000l\000a\000y\000e\000r\000\040\000S\000c\000r\000e\000e\000n}{section.1103}% 158
\BOOKMARK [2][-]{subsection.1118}{\376\377\0004\000.\0006\000.\0002\000\040\000F\000l\000o\000w\000\040\000D\000i\000a\000g\000r\000a\000m}{section.1103}% 159
\BOOKMARK [2][-]{subsection.1120}{\376\377\0004\000.\0006\000.\0003\000\040\000T\000o\000o\000l\000s\000\040\000a\000n\000d\000\040\000T\000e\000c\000h\000n\000o\000l\000o\000g\000i\000e\000s\000\040\000u\000s\000e\000d}{section.1103}% 160
\BOOKMARK [3][-]{subsubsection.1121}{\376\377\0004\000.\0006\000.\0003\000.\0001\000\040\000V\000i\000s\000u\000a\000l\000\040\000S\000t\000u\000d\000i\000o\000\040\0002\0000\0001\0009}{subsection.1120}% 161
\BOOKMARK [0][-]{chapter.1122}{\376\377\0005\000\040\000E\000v\000a\000l\000u\000a\000t\000i\000o\000n\000\040\000C\000r\000i\000t\000e\000r\000i\000a}{}% 162
\BOOKMARK [1][-]{section.1123}{\376\377\0005\000.\0001\000\040\000W\000e\000b\000\040\000A\000p\000p\000l\000i\000c\000a\000t\000i\000o\000n}{chapter.1122}% 163
\BOOKMARK [2][-]{subsection.1124}{\376\377\0005\000.\0001\000.\0001\000\040\000T\000e\000s\000t\000\040\000S\000c\000e\000n\000a\000r\000i\000o\000\040\000T\000S\000-\0001\000:\000\040\000U\000s\000e\000r\000\040\000R\000e\000g\000i\000s\000t\000r\000a\000t\000i\000o\000n\000\040\000F\000u\000n\000c\000t\000i\000o\000n\000a\000l\000i\000t\000y}{section.1123}% 164
\BOOKMARK [3][-]{subsubsection.1125}{\376\377\0005\000.\0001\000.\0001\000.\0001\000\040\000T\000e\000s\000t\000\040\000C\000a\000s\000e\000\040\000T\000C\000-\0001\000:\000\040\000E\000n\000t\000e\000r\000\040\000a\000l\000l\000\040\000v\000a\000l\000i\000d\000\040\000c\000r\000e\000d\000e\000n\000t\000i\000a\000l\000s}{subsection.1124}% 165
\BOOKMARK [3][-]{subsubsection.1126}{\376\377\0005\000.\0001\000.\0001\000.\0002\000\040\000T\000e\000s\000t\000\040\000C\000a\000s\000e\000\040\000T\000C\000-\0002\000:\000\040\000E\000n\000t\000e\000r\000\040\000I\000n\000v\000a\000l\000i\000d\000\040\000F\000i\000r\000s\000t\000\040\000N\000a\000m\000e}{subsection.1124}% 166
\BOOKMARK [3][-]{subsubsection.1127}{\376\377\0005\000.\0001\000.\0001\000.\0003\000\040\000T\000e\000s\000t\000\040\000C\000a\000s\000e\000\040\000T\000C\000-\0003\000:\000\040\000E\000n\000t\000e\000r\000\040\000I\000n\000v\000a\000l\000i\000d\000\040\000L\000a\000s\000t\000\040\000N\000a\000m\000e}{subsection.1124}% 167
\BOOKMARK [3][-]{subsubsection.1128}{\376\377\0005\000.\0001\000.\0001\000.\0004\000\040\000T\000e\000s\000t\000\040\000C\000a\000s\000e\000\040\000T\000C\000-\0004\000:\000\040\000E\000n\000t\000e\000r\000\040\000I\000n\000v\000a\000l\000i\000d\000\040\000E\000m\000a\000i\000l}{subsection.1124}% 168
\BOOKMARK [3][-]{subsubsection.1129}{\376\377\0005\000.\0001\000.\0001\000.\0005\000\040\000T\000e\000s\000t\000\040\000C\000a\000s\000e\000\040\000T\000C\000-\0005\000:\000\040\000E\000n\000t\000e\000r\000\040\000I\000n\000v\000a\000l\000i\000d\000\040\000P\000a\000s\000s\000w\000o\000r\000d}{subsection.1124}% 169
\BOOKMARK [3][-]{subsubsection.1130}{\376\377\0005\000.\0001\000.\0001\000.\0006\000\040\000T\000e\000s\000t\000\040\000C\000a\000s\000e\000\040\000T\000C\000-\0006\000:\000\040\000E\000n\000t\000e\000r\000\040\000I\000n\000v\000a\000l\000i\000d\000\040\000R\000e\000g\000i\000s\000t\000r\000a\000t\000i\000o\000n\000\040\000N\000u\000m\000b\000e\000r}{subsection.1124}% 170
\BOOKMARK [2][-]{subsection.1131}{\376\377\0005\000.\0001\000.\0002\000\040\000T\000e\000s\000t\000\040\000S\000c\000e\000n\000a\000r\000i\000o\000\040\000T\000S\000-\0002\000:\000\040\000U\000s\000e\000r\000\040\000L\000o\000g\000i\000n\000\040\000F\000u\000n\000c\000t\000i\000o\000n\000a\000l\000i\000t\000y}{section.1123}% 171
\BOOKMARK [3][-]{subsubsection.1132}{\376\377\0005\000.\0001\000.\0002\000.\0001\000\040\000T\000e\000s\000t\000\040\000C\000a\000s\000e\000\040\000T\000C\000-\0001\000:\000\040\000E\000n\000t\000e\000r\000\040\000a\000l\000l\000\040\000v\000a\000l\000i\000d\000\040\000c\000r\000e\000d\000e\000n\000t\000i\000a\000l\000s}{subsection.1131}% 172
\BOOKMARK [3][-]{subsubsection.1133}{\376\377\0005\000.\0001\000.\0002\000.\0002\000\040\000T\000e\000s\000t\000\040\000C\000a\000s\000e\000\040\000T\000C\000-\0002\000:\000\040\000E\000n\000t\000e\000r\000\040\000I\000n\000v\000a\000l\000i\000d\000\040\000E\000m\000a\000i\000l}{subsection.1131}% 173
\BOOKMARK [3][-]{subsubsection.1134}{\376\377\0005\000.\0001\000.\0002\000.\0003\000\040\000T\000e\000s\000t\000\040\000C\000a\000s\000e\000\040\000T\000C\000-\0003\000:\000\040\000E\000n\000t\000e\000r\000\040\000I\000n\000v\000a\000l\000i\000d\000\040\000P\000a\000s\000s\000w\000o\000r\000d}{subsection.1131}% 174
\BOOKMARK [2][-]{subsection.1135}{\376\377\0005\000.\0001\000.\0003\000\040\000T\000e\000s\000t\000\040\000S\000c\000e\000n\000a\000r\000i\000o\000\040\000T\000S\000-\0003\000:\000\040\000T\000e\000a\000c\000h\000e\000r\000'\000s\000\040\000R\000e\000q\000u\000e\000s\000t\000\040\000A\000p\000p\000r\000o\000v\000a\000l\000\040\000F\000u\000n\000c\000t\000i\000o\000n\000a\000l\000i\000t\000y}{section.1123}% 175
\BOOKMARK [2][-]{subsection.1136}{\376\377\0005\000.\0001\000.\0004\000\040\000T\000e\000s\000t\000\040\000S\000c\000e\000n\000a\000r\000i\000o\000\040\000T\000S\000-\0004\000:\000\040\000T\000e\000a\000c\000h\000e\000r\000'\000s\000\040\000R\000e\000q\000u\000e\000s\000t\000\040\000D\000i\000s\000a\000p\000p\000r\000o\000v\000a\000l\000\040\000F\000u\000n\000c\000t\000i\000o\000n\000a\000l\000i\000t\000y}{section.1123}% 176
\BOOKMARK [2][-]{subsection.1137}{\376\377\0005\000.\0001\000.\0005\000\040\000T\000e\000s\000t\000\040\000S\000c\000e\000n\000a\000r\000i\000o\000\040\000T\000S\000-\0005\000:\000\040\000S\000t\000u\000d\000e\000n\000t\000s\000'\000\040\000R\000e\000q\000u\000e\000s\000t\000\040\000A\000p\000p\000r\000o\000v\000a\000l\000\040\000F\000u\000n\000c\000t\000i\000o\000n\000a\000l\000i\000t\000y}{section.1123}% 177
\BOOKMARK [2][-]{subsection.1138}{\376\377\0005\000.\0001\000.\0006\000\040\000T\000e\000s\000t\000\040\000S\000c\000e\000n\000a\000r\000i\000o\000\040\000T\000S\000-\0006\000:\000\040\000S\000t\000u\000d\000e\000n\000t\000s\000'\000\040\000R\000e\000q\000u\000e\000s\000t\000\040\000D\000i\000s\000a\000p\000p\000r\000o\000v\000a\000l\000\040\000F\000u\000n\000c\000t\000i\000o\000n\000a\000l\000i\000t\000y}{section.1123}% 178
\BOOKMARK [2][-]{subsection.1139}{\376\377\0005\000.\0001\000.\0007\000\040\000T\000e\000s\000t\000\040\000S\000c\000e\000n\000a\000r\000i\000o\000\040\000T\000S\000-\0007\000:\000\040\000A\000d\000d\000\040\000C\000o\000u\000r\000s\000e\000\040\000F\000u\000n\000c\000t\000i\000o\000n\000a\000l\000i\000t\000y}{section.1123}% 179
\BOOKMARK [3][-]{subsubsection.1140}{\376\377\0005\000.\0001\000.\0007\000.\0001\000\040\000T\000e\000s\000t\000\040\000C\000a\000s\000e\000\040\000T\000C\000-\0001\000:\000\040\000E\000n\000t\000e\000r\000\040\000a\000l\000l\000\040\000v\000a\000l\000i\000d\000\040\000d\000a\000t\000a}{subsection.1139}% 180
\BOOKMARK [3][-]{subsubsection.1141}{\376\377\0005\000.\0001\000.\0007\000.\0002\000\040\000T\000e\000s\000t\000\040\000C\000a\000s\000e\000\040\000T\000C\000-\0002\000:\000\040\000E\000n\000t\000e\000r\000\040\000I\000n\000v\000a\000l\000i\000d\000\040\000C\000o\000u\000r\000s\000e\000\040\000N\000a\000m\000e}{subsection.1139}% 181
\BOOKMARK [3][-]{subsubsection.1142}{\376\377\0005\000.\0001\000.\0007\000.\0003\000\040\000T\000e\000s\000t\000\040\000C\000a\000s\000e\000\040\000T\000C\000-\0003\000:\000\040\000E\000n\000t\000e\000r\000\040\000I\000n\000v\000a\000l\000i\000d\000\040\000C\000o\000u\000r\000s\000e\000\040\000C\000o\000d\000e}{subsection.1139}% 182
\BOOKMARK [2][-]{subsection.1143}{\376\377\0005\000.\0001\000.\0008\000\040\000T\000e\000s\000t\000\040\000S\000c\000e\000n\000a\000r\000i\000o\000\040\000T\000S\000-\0008\000:\000\040\000U\000p\000d\000a\000t\000e\000\040\000C\000o\000u\000r\000s\000e\000\040\000F\000u\000n\000c\000t\000i\000o\000n\000a\000l\000i\000t\000y}{section.1123}% 183
\BOOKMARK [3][-]{subsubsection.1144}{\376\377\0005\000.\0001\000.\0008\000.\0001\000\040\000T\000e\000s\000t\000\040\000C\000a\000s\000e\000\040\000T\000C\000-\0001\000:\000\040\000E\000n\000t\000e\000r\000\040\000a\000l\000l\000\040\000v\000a\000l\000i\000d\000\040\000d\000a\000t\000a}{subsection.1143}% 184
\BOOKMARK [3][-]{subsubsection.1145}{\376\377\0005\000.\0001\000.\0008\000.\0002\000\040\000T\000e\000s\000t\000\040\000C\000a\000s\000e\000\040\000T\000C\000-\0002\000:\000\040\000E\000n\000t\000e\000r\000\040\000I\000n\000v\000a\000l\000i\000d\000\040\000C\000o\000u\000r\000s\000e\000\040\000N\000a\000m\000e}{subsection.1143}% 185
\BOOKMARK [3][-]{subsubsection.1146}{\376\377\0005\000.\0001\000.\0008\000.\0003\000\040\000T\000e\000s\000t\000\040\000C\000a\000s\000e\000\040\000T\000C\000-\0003\000:\000\040\000E\000n\000t\000e\000r\000\040\000I\000n\000v\000a\000l\000i\000d\000\040\000C\000o\000u\000r\000s\000e\000\040\000C\000o\000d\000e}{subsection.1143}% 186
\BOOKMARK [2][-]{subsection.1147}{\376\377\0005\000.\0001\000.\0009\000\040\000T\000e\000s\000t\000\040\000S\000c\000e\000n\000a\000r\000i\000o\000\040\000T\000S\000-\0009\000:\000\040\000C\000o\000u\000r\000s\000e\000\040\000D\000e\000l\000e\000t\000i\000o\000n\000\040\000F\000u\000n\000c\000t\000i\000o\000n\000a\000l\000i\000t\000y}{section.1123}% 187
\BOOKMARK [2][-]{subsection.1148}{\376\377\0005\000.\0001\000.\0001\0000\000\040\000T\000e\000s\000t\000\040\000S\000c\000e\000n\000a\000r\000i\000o\000\040\000T\000S\000-\0001\0000\000:\000\040\000V\000i\000e\000w\000\040\000C\000o\000u\000r\000s\000e\000\040\000F\000u\000n\000c\000t\000i\000o\000n\000a\000l\000i\000t\000y}{section.1123}% 188
\BOOKMARK [2][-]{subsection.1149}{\376\377\0005\000.\0001\000.\0001\0001\000\040\000T\000e\000s\000t\000\040\000S\000c\000e\000n\000a\000r\000i\000o\000\040\000T\000S\000-\0001\0001\000:\000\040\000U\000p\000l\000o\000a\000d\000\040\000C\000o\000u\000r\000s\000e\000\040\000A\000s\000s\000i\000g\000n\000m\000e\000n\000t\000\040\000F\000u\000n\000c\000t\000i\000o\000n\000a\000l\000i\000t\000y}{section.1123}% 189
\BOOKMARK [2][-]{subsection.1150}{\376\377\0005\000.\0001\000.\0001\0002\000\040\000T\000e\000s\000t\000\040\000S\000c\000e\000n\000a\000r\000i\000o\000\040\000T\000S\000-\0001\0002\000:\000\040\000D\000o\000w\000n\000l\000o\000a\000d\000i\000n\000g\000\040\000A\000s\000s\000i\000g\000n\000m\000e\000n\000t\000\040\000F\000u\000n\000c\000t\000i\000o\000n\000a\000l\000i\000t\000y}{section.1123}% 190
\BOOKMARK [2][-]{subsection.1151}{\376\377\0005\000.\0001\000.\0001\0003\000\040\000T\000e\000s\000t\000\040\000S\000c\000e\000n\000a\000r\000i\000o\000\040\000T\000S\000-\0001\0003\000:\000\040\000V\000i\000e\000w\000\040\000A\000s\000s\000i\000g\000n\000m\000e\000n\000t\000\040\000F\000u\000n\000c\000t\000i\000o\000n\000a\000l\000i\000t\000y}{section.1123}% 191
\BOOKMARK [2][-]{subsection.1152}{\376\377\0005\000.\0001\000.\0001\0004\000\040\000T\000e\000s\000t\000\040\000S\000c\000e\000n\000a\000r\000i\000o\000\040\000T\000S\000-\0001\0004\000:\000\040\000A\000s\000s\000i\000g\000n\000m\000e\000n\000t\000\040\000D\000e\000l\000e\000t\000i\000o\000n\000\040\000F\000u\000n\000c\000t\000i\000o\000n\000a\000l\000i\000t\000y}{section.1123}% 192
\BOOKMARK [2][-]{subsection.1153}{\376\377\0005\000.\0001\000.\0001\0005\000\040\000T\000e\000s\000t\000\040\000S\000c\000e\000n\000a\000r\000i\000o\000\040\000T\000S\000-\0001\0005\000:\000\040\000A\000d\000d\000\040\000C\000o\000u\000r\000s\000e\000\040\000A\000n\000n\000o\000u\000n\000c\000e\000m\000e\000n\000t\000\040\000F\000u\000n\000c\000t\000i\000o\000n\000a\000l\000i\000t\000y}{section.1123}% 193
\BOOKMARK [2][-]{subsection.1154}{\376\377\0005\000.\0001\000.\0001\0006\000\040\000T\000e\000s\000t\000\040\000S\000c\000e\000n\000a\000r\000i\000o\000\040\000T\000S\000-\0001\0006\000:\000\040\000E\000d\000i\000t\000\040\000C\000o\000u\000r\000s\000e\000\040\000A\000n\000n\000o\000u\000n\000c\000e\000m\000e\000n\000t\000\040\000F\000u\000n\000c\000t\000i\000o\000n\000a\000l\000i\000t\000y}{section.1123}% 194
\BOOKMARK [2][-]{subsection.1155}{\376\377\0005\000.\0001\000.\0001\0007\000\040\000T\000e\000s\000t\000\040\000S\000c\000e\000n\000a\000r\000i\000o\000\040\000T\000S\000-\0001\0007\000:\000\040\000D\000e\000l\000e\000t\000e\000\040\000C\000o\000u\000r\000s\000e\000\040\000A\000n\000n\000o\000u\000n\000c\000e\000m\000e\000n\000t\000\040\000F\000u\000n\000c\000t\000i\000o\000n\000a\000l\000i\000t\000y}{section.1123}% 195
\BOOKMARK [2][-]{subsection.1156}{\376\377\0005\000.\0001\000.\0001\0008\000\040\000T\000e\000s\000t\000\040\000S\000c\000e\000n\000a\000r\000i\000o\000\040\000T\000S\000-\0001\0008\000:\000\040\000S\000t\000u\000d\000e\000n\000t\000s\000\040\000A\000s\000s\000i\000g\000n\000m\000e\000n\000t\000\040\000S\000u\000b\000m\000i\000s\000s\000i\000o\000n\000\040\000F\000u\000n\000c\000t\000i\000o\000n\000a\000l\000i\000t\000y}{section.1123}% 196
\BOOKMARK [2][-]{subsection.1157}{\376\377\0005\000.\0001\000.\0001\0009\000\040\000T\000e\000s\000t\000\040\000S\000c\000e\000n\000a\000r\000i\000o\000\040\000T\000S\000-\0001\0009\000:\000\040\000U\000p\000l\000o\000a\000d\000\040\000C\000o\000u\000r\000s\000e\000\040\000N\000o\000t\000e\000s\000\040\000F\000u\000n\000c\000t\000i\000o\000n\000a\000l\000i\000t\000y}{section.1123}% 197
\BOOKMARK [2][-]{subsection.1158}{\376\377\0005\000.\0001\000.\0002\0000\000\040\000T\000e\000s\000t\000\040\000S\000c\000e\000n\000a\000r\000i\000o\000\040\000T\000S\000-\0002\0000\000:\000\040\000V\000i\000e\000w\000\040\000C\000o\000u\000r\000s\000e\000\040\000N\000o\000t\000e\000s\000\040\000F\000u\000n\000c\000t\000i\000o\000n\000a\000l\000i\000t\000y}{section.1123}% 198
\BOOKMARK [2][-]{subsection.1159}{\376\377\0005\000.\0001\000.\0002\0001\000\040\000T\000e\000s\000t\000\040\000S\000c\000e\000n\000a\000r\000i\000o\000\040\000T\000S\000-\0002\0001\000:\000\040\000D\000o\000w\000n\000l\000o\000a\000d\000\040\000C\000o\000u\000r\000s\000e\000\040\000N\000o\000t\000e\000s\000\040\000F\000u\000n\000c\000t\000i\000o\000n\000a\000l\000i\000t\000y}{section.1123}% 199
\BOOKMARK [2][-]{subsection.1160}{\376\377\0005\000.\0001\000.\0002\0002\000\040\000T\000e\000s\000t\000\040\000S\000c\000e\000n\000a\000r\000i\000o\000\040\000T\000S\000-\0002\0002\000:\000\040\000D\000e\000l\000e\000t\000e\000\040\000C\000o\000u\000r\000s\000e\000\040\000N\000o\000t\000e\000s\000\040\000F\000u\000n\000c\000t\000i\000o\000n\000a\000l\000i\000t\000y}{section.1123}% 200
\BOOKMARK [2][-]{subsection.1161}{\376\377\0005\000.\0001\000.\0002\0003\000\040\000T\000e\000s\000t\000\040\000S\000c\000e\000n\000a\000r\000i\000o\000\040\000T\000S\000-\0002\0003\000:\000\040\000S\000t\000u\000d\000e\000n\000t\000\040\000E\000n\000r\000o\000l\000m\000e\000n\000t\000\040\000i\000n\000\040\000C\000o\000u\000r\000s\000e\000\040\000F\000u\000n\000c\000t\000i\000o\000n\000a\000l\000i\000t\000y}{section.1123}% 201
\BOOKMARK [2][-]{subsection.1162}{\376\377\0005\000.\0001\000.\0002\0004\000\040\000T\000e\000s\000t\000\040\000S\000c\000e\000n\000a\000r\000i\000o\000\040\000T\000S\000-\0002\0004\000:\000\040\000C\000o\000u\000r\000s\000e\000\040\000E\000n\000r\000o\000l\000m\000e\000n\000t\000\040\000R\000e\000q\000u\000e\000s\000t\000s\000\040\000D\000i\000s\000a\000p\000p\000r\000o\000v\000a\000l\000\040\000F\000u\000n\000c\000t\000i\000o\000n\000a\000l\000i\000t\000y}{section.1123}% 202
\BOOKMARK [2][-]{subsection.1163}{\376\377\0005\000.\0001\000.\0002\0005\000\040\000T\000e\000s\000t\000\040\000S\000c\000e\000n\000a\000r\000i\000o\000\040\000T\000S\000-\0002\0005\000:\000\040\000C\000o\000u\000r\000s\000e\000\040\000E\000n\000r\000o\000l\000m\000e\000n\000t\000\040\000R\000e\000q\000u\000e\000s\000t\000s\000\040\000A\000p\000p\000r\000o\000v\000a\000l\000\040\000F\000u\000n\000c\000t\000i\000o\000n\000a\000l\000i\000t\000y}{section.1123}% 203
\BOOKMARK [2][-]{subsection.1164}{\376\377\0005\000.\0001\000.\0002\0006\000\040\000T\000e\000s\000t\000\040\000S\000c\000e\000n\000a\000r\000i\000o\000\040\000T\000S\000-\0002\0006\000:\000\040\000A\000s\000s\000i\000g\000n\000\040\000C\000o\000u\000r\000s\000e\000s\000\040\000F\000u\000n\000c\000t\000i\000o\000n\000a\000l\000i\000t\000y}{section.1123}% 204
\BOOKMARK [2][-]{subsection.1165}{\376\377\0005\000.\0001\000.\0002\0007\000\040\000T\000e\000s\000t\000\040\000S\000c\000e\000n\000a\000r\000i\000o\000\040\000T\000S\000-\0002\0007\000:\000\040\000V\000i\000e\000w\000\040\000S\000t\000u\000d\000e\000n\000t\000s\000'\000\040\000A\000s\000s\000i\000g\000n\000m\000e\000n\000t\000s\000\040\000F\000u\000n\000c\000t\000i\000o\000n\000a\000l\000i\000t\000y}{section.1123}% 205
\BOOKMARK [2][-]{subsection.1166}{\376\377\0005\000.\0001\000.\0002\0008\000\040\000T\000e\000s\000t\000\040\000S\000c\000e\000n\000a\000r\000i\000o\000\040\000T\000S\000-\0002\0008\000:\000\040\000D\000o\000w\000n\000l\000o\000a\000d\000\040\000S\000t\000u\000d\000e\000n\000t\000s\000'\000\040\000A\000s\000s\000i\000g\000n\000m\000e\000n\000t\000s\000\040\000F\000u\000n\000c\000t\000i\000o\000n\000a\000l\000i\000t\000y}{section.1123}% 206
\BOOKMARK [1][-]{section.1167}{\376\377\0005\000.\0002\000\040\000O\000f\000f\000l\000i\000n\000e\000\040\000P\000l\000a\000y\000e\000r\000\040\000A\000p\000p\000l\000i\000c\000a\000t\000i\000o\000n}{chapter.1122}% 207
\BOOKMARK [2][-]{subsection.1168}{\376\377\0005\000.\0002\000.\0001\000\040\000T\000e\000s\000t\000\040\000S\000c\000e\000n\000a\000r\000i\000o\000\040\000T\000S\000-\0001\000:\000\040\000U\000s\000e\000r\000\040\000A\000u\000t\000h\000e\000n\000t\000i\000c\000a\000t\000i\000o\000n\000\040\000F\000u\000n\000c\000t\000i\000o\000n\000a\000l\000i\000t\000y}{section.1167}% 208
\BOOKMARK [3][-]{subsubsection.1169}{\376\377\0005\000.\0002\000.\0001\000.\0001\000\040\000T\000e\000s\000t\000\040\000C\000a\000s\000e\000\040\000T\000C\000-\0001\000:\000\040\000E\000n\000t\000e\000r\000\040\000V\000a\000l\000i\000d\000\040\000C\000r\000e\000d\000e\000n\000t\000i\000a\000l\000s}{subsection.1168}% 209
\BOOKMARK [3][-]{subsubsection.1170}{\376\377\0005\000.\0002\000.\0001\000.\0002\000\040\000T\000e\000s\000t\000\040\000C\000a\000s\000e\000\040\000T\000C\000-\0002\000:\000\040\000E\000n\000t\000e\000r\000\040\000I\000n\000v\000a\000l\000i\000d\000\040\000E\000m\000a\000i\000l}{subsection.1168}% 210
\BOOKMARK [3][-]{subsubsection.1171}{\376\377\0005\000.\0002\000.\0001\000.\0003\000\040\000T\000e\000s\000t\000\040\000C\000a\000s\000e\000\040\000T\000C\000-\0003\000:\000\040\000E\000n\000t\000e\000r\000\040\000I\000n\000v\000a\000l\000i\000d\000\040\000P\000a\000s\000s\000w\000o\000r\000d}{subsection.1168}% 211
\BOOKMARK [3][-]{subsubsection.1172}{\376\377\0005\000.\0002\000.\0001\000.\0004\000\040\000T\000e\000s\000t\000\040\000C\000a\000s\000e\000\040\000T\000C\000-\0004\000:\000\040\000E\000n\000t\000e\000r\000\040\000A\000l\000l\000\040\000I\000n\000v\000a\000l\000i\000d\000\040\000C\000r\000e\000d\000e\000n\000t\000i\000a\000l\000s}{subsection.1168}% 212
\BOOKMARK [2][-]{subsection.1173}{\376\377\0005\000.\0002\000.\0002\000\040\000T\000e\000s\000t\000\040\000S\000c\000e\000n\000a\000r\000i\000o\000\040\000T\000S\000-\0002\000:\000\040\000V\000i\000e\000w\000\040\000L\000e\000c\000t\000u\000r\000e\000\040\000F\000u\000n\000c\000t\000i\000o\000n\000a\000l\000i\000t\000y}{section.1167}% 213
\BOOKMARK [2][-]{subsection.1174}{\376\377\0005\000.\0002\000.\0003\000\040\000T\000e\000s\000t\000\040\000S\000c\000e\000n\000a\000r\000i\000o\000\040\000T\000S\000-\0003\000:\000\040\000P\000l\000a\000y\000\040\000L\000e\000c\000t\000u\000r\000e\000\040\000F\000u\000n\000c\000t\000i\000o\000n\000a\000l\000i\000t\000y}{section.1167}% 214
\BOOKMARK [2][-]{subsection.1175}{\376\377\0005\000.\0002\000.\0004\000\040\000T\000e\000s\000t\000\040\000S\000c\000e\000n\000a\000r\000i\000o\000\040\000T\000S\000-\0004\000:\000\040\000D\000o\000w\000n\000l\000o\000a\000d\000\040\000L\000e\000c\000t\000u\000r\000e\000\040\000F\000u\000n\000c\000t\000i\000o\000n\000a\000l\000i\000t\000y}{section.1167}% 215
\BOOKMARK [2][-]{subsection.1176}{\376\377\0005\000.\0002\000.\0005\000\040\000T\000e\000s\000t\000\040\000S\000c\000e\000n\000a\000r\000i\000o\000\040\000T\000S\000-\0005\000:\000\040\000V\000i\000e\000w\000\040\000A\000b\000o\000u\000t\000\040\000P\000a\000g\000e\000\040\000F\000u\000n\000c\000t\000i\000o\000n\000a\000l\000i\000t\000y}{section.1167}% 216
\BOOKMARK [2][-]{subsection.1177}{\376\377\0005\000.\0002\000.\0006\000\040\000T\000e\000s\000t\000\040\000S\000c\000e\000n\000a\000r\000i\000o\000\040\000T\000S\000-\0006\000:\000\040\000V\000i\000e\000w\000\040\000C\000o\000n\000t\000a\000c\000t\000\040\000U\000s\000\040\000P\000a\000g\000e\000\040\000F\000u\000n\000c\000t\000i\000o\000n\000a\000l\000i\000t\000y}{section.1167}% 217
\BOOKMARK [0][-]{chapter.1178}{\376\377\0006\000\040\000R\000e\000s\000u\000l\000t\000s}{}% 218
\BOOKMARK [1][-]{section.1179}{\376\377\0006\000.\0001\000\040\000W\000e\000b\000\040\000A\000p\000p\000l\000i\000c\000a\000t\000i\000o\000n}{chapter.1178}% 219
\BOOKMARK [2][-]{subsection.1180}{\376\377\0006\000.\0001\000.\0001\000\040\000T\000e\000s\000t\000\040\000S\000c\000e\000n\000a\000r\000i\000o\000\040\000T\000S\000-\0001\000:\000\040\000U\000s\000e\000r\000\040\000R\000e\000g\000i\000s\000t\000r\000a\000t\000i\000o\000n\000\040\000F\000u\000n\000c\000t\000i\000o\000n\000a\000l\000i\000t\000y}{section.1179}% 220
\BOOKMARK [2][-]{subsection.1182}{\376\377\0006\000.\0001\000.\0002\000\040\000T\000e\000s\000t\000\040\000S\000c\000e\000n\000a\000r\000i\000o\000\040\000T\000S\000-\0002\000:\000\040\000U\000s\000e\000r\000\040\000L\000o\000g\000i\000n\000\040\000F\000u\000n\000c\000t\000i\000o\000n\000a\000l\000i\000t\000y}{section.1179}% 221
\BOOKMARK [2][-]{subsection.1184}{\376\377\0006\000.\0001\000.\0003\000\040\000T\000e\000s\000t\000\040\000S\000c\000e\000n\000a\000r\000i\000o\000\040\000T\000S\000-\0003\000:\000\040\000T\000e\000a\000c\000h\000e\000r\000'\000s\000\040\000R\000e\000q\000u\000e\000s\000t\000\040\000A\000p\000p\000r\000o\000v\000a\000l\000\040\000F\000u\000n\000c\000t\000i\000o\000n\000a\000l\000i\000t\000y}{section.1179}% 222
\BOOKMARK [2][-]{subsection.1186}{\376\377\0006\000.\0001\000.\0004\000\040\000T\000e\000s\000t\000\040\000S\000c\000e\000n\000a\000r\000i\000o\000\040\000T\000S\000-\0004\000:\000\040\000T\000e\000a\000c\000h\000e\000r\000'\000s\000\040\000R\000e\000q\000u\000e\000s\000t\000\040\000D\000i\000s\000a\000p\000p\000r\000o\000v\000a\000l\000\040\000F\000u\000n\000c\000t\000i\000o\000n\000a\000l\000i\000t\000y}{section.1179}% 223
\BOOKMARK [2][-]{subsection.1188}{\376\377\0006\000.\0001\000.\0005\000\040\000T\000e\000s\000t\000\040\000S\000c\000e\000n\000a\000r\000i\000o\000\040\000T\000S\000-\0005\000:\000\040\000S\000t\000u\000d\000e\000n\000t\000s\000'\000\040\000R\000e\000q\000u\000e\000s\000t\000\040\000A\000p\000p\000r\000o\000v\000a\000l\000\040\000F\000u\000n\000c\000t\000i\000o\000n\000a\000l\000i\000t\000y}{section.1179}% 224
\BOOKMARK [2][-]{subsection.1190}{\376\377\0006\000.\0001\000.\0006\000\040\000T\000e\000s\000t\000\040\000S\000c\000e\000n\000a\000r\000i\000o\000\040\000T\000S\000-\0006\000:\000\040\000S\000t\000u\000d\000e\000n\000t\000s\000'\000\040\000R\000e\000q\000u\000e\000s\000t\000\040\000D\000i\000s\000a\000p\000p\000r\000o\000v\000a\000l\000\040\000F\000u\000n\000c\000t\000i\000o\000n\000a\000l\000i\000t\000y}{section.1179}% 225
\BOOKMARK [2][-]{subsection.1192}{\376\377\0006\000.\0001\000.\0007\000\040\000T\000e\000s\000t\000\040\000S\000c\000e\000n\000a\000r\000i\000o\000\040\000T\000S\000-\0007\000:\000\040\000A\000d\000d\000\040\000C\000o\000u\000r\000s\000e\000\040\000F\000u\000n\000c\000t\000i\000o\000n\000a\000l\000i\000t\000y}{section.1179}% 226
\BOOKMARK [2][-]{subsection.1194}{\376\377\0006\000.\0001\000.\0008\000\040\000T\000e\000s\000t\000\040\000S\000c\000e\000n\000a\000r\000i\000o\000\040\000T\000S\000-\0008\000:\000\040\000U\000p\000d\000a\000t\000e\000\040\000C\000o\000u\000r\000s\000e\000\040\000F\000u\000n\000c\000t\000i\000o\000n\000a\000l\000i\000t\000y}{section.1179}% 227
\BOOKMARK [2][-]{subsection.1196}{\376\377\0006\000.\0001\000.\0009\000\040\000T\000e\000s\000t\000\040\000S\000c\000e\000n\000a\000r\000i\000o\000\040\000T\000S\000-\0009\000:\000\040\000C\000o\000u\000r\000s\000e\000\040\000D\000e\000l\000e\000t\000i\000o\000n\000\040\000F\000u\000n\000c\000t\000i\000o\000n\000a\000l\000i\000t\000y}{section.1179}% 228
\BOOKMARK [2][-]{subsection.1198}{\376\377\0006\000.\0001\000.\0001\0000\000\040\000T\000e\000s\000t\000\040\000S\000c\000e\000n\000a\000r\000i\000o\000\040\000T\000S\000-\0001\0000\000:\000\040\000V\000i\000e\000w\000\040\000C\000o\000u\000r\000s\000e\000\040\000F\000u\000n\000c\000t\000i\000o\000n\000a\000l\000i\000t\000y}{section.1179}% 229
\BOOKMARK [2][-]{subsection.1200}{\376\377\0006\000.\0001\000.\0001\0001\000\040\000T\000e\000s\000t\000\040\000S\000c\000e\000n\000a\000r\000i\000o\000\040\000T\000S\000-\0001\0001\000:\000\040\000U\000p\000l\000o\000a\000d\000\040\000C\000o\000u\000r\000s\000e\000\040\000A\000s\000s\000i\000g\000n\000m\000e\000n\000t\000\040\000F\000u\000n\000c\000t\000i\000o\000n\000a\000l\000i\000t\000y}{section.1179}% 230
\BOOKMARK [2][-]{subsection.1202}{\376\377\0006\000.\0001\000.\0001\0002\000\040\000T\000e\000s\000t\000\040\000S\000c\000e\000n\000a\000r\000i\000o\000\040\000T\000S\000-\0001\0002\000:\000\040\000D\000o\000w\000n\000l\000o\000a\000d\000i\000n\000g\000\040\000A\000s\000s\000i\000g\000n\000m\000e\000n\000t\000\040\000F\000u\000n\000c\000t\000i\000o\000n\000a\000l\000i\000t\000y}{section.1179}% 231
\BOOKMARK [2][-]{subsection.1204}{\376\377\0006\000.\0001\000.\0001\0003\000\040\000T\000e\000s\000t\000\040\000S\000c\000e\000n\000a\000r\000i\000o\000\040\000T\000S\000-\0001\0003\000:\000\040\000A\000s\000s\000i\000g\000n\000m\000e\000n\000t\000\040\000D\000e\000l\000e\000t\000i\000o\000n\000\040\000F\000u\000n\000c\000t\000i\000o\000n\000a\000l\000i\000t\000y}{section.1179}% 232
\BOOKMARK [2][-]{subsection.1206}{\376\377\0006\000.\0001\000.\0001\0004\000\040\000T\000e\000s\000t\000\040\000S\000c\000e\000n\000a\000r\000i\000o\000\040\000T\000S\000-\0001\0004\000:\000\040\000A\000d\000d\000\040\000C\000o\000u\000r\000s\000e\000\040\000A\000n\000n\000o\000u\000n\000c\000e\000m\000e\000n\000t\000\040\000F\000u\000n\000c\000t\000i\000o\000n\000a\000l\000i\000t\000y}{section.1179}% 233
\BOOKMARK [2][-]{subsection.1208}{\376\377\0006\000.\0001\000.\0001\0005\000\040\000T\000e\000s\000t\000\040\000S\000c\000e\000n\000a\000r\000i\000o\000\040\000T\000S\000-\0001\0005\000:\000\040\000E\000d\000i\000t\000\040\000C\000o\000u\000r\000s\000e\000\040\000A\000n\000n\000o\000u\000n\000c\000e\000m\000e\000n\000t\000\040\000F\000u\000n\000c\000t\000i\000o\000n\000a\000l\000i\000t\000y}{section.1179}% 234
\BOOKMARK [2][-]{subsection.1210}{\376\377\0006\000.\0001\000.\0001\0006\000\040\000T\000e\000s\000t\000\040\000S\000c\000e\000n\000a\000r\000i\000o\000\040\000T\000S\000-\0001\0006\000:\000\040\000D\000e\000l\000e\000t\000e\000\040\000C\000o\000u\000r\000s\000e\000\040\000A\000n\000n\000o\000u\000n\000c\000e\000m\000e\000n\000t\000\040\000F\000u\000n\000c\000t\000i\000o\000n\000a\000l\000i\000t\000y}{section.1179}% 235
\BOOKMARK [2][-]{subsection.1212}{\376\377\0006\000.\0001\000.\0001\0007\000\040\000T\000e\000s\000t\000\040\000S\000c\000e\000n\000a\000r\000i\000o\000\040\000T\000S\000-\0001\0007\000:\000\040\000S\000t\000u\000d\000e\000n\000t\000s\000\040\000A\000s\000s\000i\000g\000n\000m\000e\000n\000t\000\040\000S\000u\000b\000m\000i\000s\000s\000i\000o\000n\000\040\000F\000u\000n\000c\000t\000i\000o\000n\000a\000l\000i\000t\000y}{section.1179}% 236
\BOOKMARK [2][-]{subsection.1214}{\376\377\0006\000.\0001\000.\0001\0008\000\040\000T\000e\000s\000t\000\040\000S\000c\000e\000n\000a\000r\000i\000o\000\040\000T\000S\000-\0001\0008\000:\000\040\000U\000p\000l\000o\000a\000d\000\040\000C\000o\000u\000r\000s\000e\000\040\000N\000o\000t\000e\000s\000\040\000F\000u\000n\000c\000t\000i\000o\000n\000a\000l\000i\000t\000y}{section.1179}% 237
\BOOKMARK [2][-]{subsection.1216}{\376\377\0006\000.\0001\000.\0001\0009\000\040\000T\000e\000s\000t\000\040\000S\000c\000e\000n\000a\000r\000i\000o\000\040\000T\000S\000-\0001\0009\000:\000\040\000V\000i\000e\000w\000\040\000C\000o\000u\000r\000s\000e\000\040\000N\000o\000t\000e\000s\000\040\000F\000u\000n\000c\000t\000i\000o\000n\000a\000l\000i\000t\000y}{section.1179}% 238
\BOOKMARK [2][-]{subsection.1218}{\376\377\0006\000.\0001\000.\0002\0000\000\040\000T\000e\000s\000t\000\040\000S\000c\000e\000n\000a\000r\000i\000o\000\040\000T\000S\000-\0002\0000\000:\000\040\000D\000o\000w\000n\000l\000o\000a\000d\000\040\000C\000o\000u\000r\000s\000e\000\040\000N\000o\000t\000e\000s\000\040\000F\000u\000n\000c\000t\000i\000o\000n\000a\000l\000i\000t\000y}{section.1179}% 239
\BOOKMARK [2][-]{subsection.1220}{\376\377\0006\000.\0001\000.\0002\0001\000\040\000T\000e\000s\000t\000\040\000S\000c\000e\000n\000a\000r\000i\000o\000\040\000T\000S\000-\0002\0001\000:\000\040\000D\000e\000l\000e\000t\000e\000\040\000C\000o\000u\000r\000s\000e\000\040\000N\000o\000t\000e\000s\000\040\000F\000u\000n\000c\000t\000i\000o\000n\000a\000l\000i\000t\000y}{section.1179}% 240
\BOOKMARK [2][-]{subsection.1222}{\376\377\0006\000.\0001\000.\0002\0002\000\040\000T\000e\000s\000t\000\040\000S\000c\000e\000n\000a\000r\000i\000o\000\040\000T\000S\000-\0002\0002\000:\000\040\000S\000t\000u\000d\000e\000n\000t\000\040\000E\000n\000r\000o\000l\000m\000e\000n\000t\000\040\000i\000n\000\040\000C\000o\000u\000r\000s\000e\000\040\000F\000u\000n\000c\000t\000i\000o\000n\000a\000l\000i\000t\000y}{section.1179}% 241
\BOOKMARK [2][-]{subsection.1224}{\376\377\0006\000.\0001\000.\0002\0003\000\040\000T\000e\000s\000t\000\040\000S\000c\000e\000n\000a\000r\000i\000o\000\040\000T\000S\000-\0002\0003\000:\000\040\000C\000o\000u\000r\000s\000e\000\040\000E\000n\000r\000o\000l\000m\000e\000n\000t\000\040\000R\000e\000q\000u\000e\000s\000t\000s\000\040\000D\000i\000s\000a\000p\000p\000r\000o\000v\000a\000l\000\040\000F\000u\000n\000c\000t\000i\000o\000n\000a\000l\000i\000t\000y}{section.1179}% 242
\BOOKMARK [2][-]{subsection.1226}{\376\377\0006\000.\0001\000.\0002\0004\000\040\000T\000e\000s\000t\000\040\000S\000c\000e\000n\000a\000r\000i\000o\000\040\000T\000S\000-\0002\0004\000:\000\040\000C\000o\000u\000r\000s\000e\000\040\000E\000n\000r\000o\000l\000m\000e\000n\000t\000\040\000R\000e\000q\000u\000e\000s\000t\000s\000\040\000A\000p\000p\000r\000o\000v\000a\000l\000\040\000F\000u\000n\000c\000t\000i\000o\000n\000a\000l\000i\000t\000y}{section.1179}% 243
\BOOKMARK [2][-]{subsection.1228}{\376\377\0006\000.\0001\000.\0002\0005\000\040\000T\000e\000s\000t\000\040\000S\000c\000e\000n\000a\000r\000i\000o\000\040\000T\000S\000-\0002\0005\000:\000\040\000A\000s\000s\000i\000g\000n\000\040\000C\000o\000u\000r\000s\000e\000s\000\040\000F\000u\000n\000c\000t\000i\000o\000n\000a\000l\000i\000t\000y}{section.1179}% 244
\BOOKMARK [2][-]{subsection.1230}{\376\377\0006\000.\0001\000.\0002\0006\000\040\000T\000e\000s\000t\000\040\000S\000c\000e\000n\000a\000r\000i\000o\000\040\000T\000S\000-\0002\0006\000:\000\040\000V\000i\000e\000w\000\040\000S\000t\000u\000d\000e\000n\000t\000s\000'\000\040\000A\000s\000s\000i\000g\000n\000m\000e\000n\000t\000s\000\040\000F\000u\000n\000c\000t\000i\000o\000n\000a\000l\000i\000t\000y}{section.1179}% 245
\BOOKMARK [2][-]{subsection.1232}{\376\377\0006\000.\0001\000.\0002\0007\000\040\000T\000e\000s\000t\000\040\000S\000c\000e\000n\000a\000r\000i\000o\000\040\000T\000S\000-\0002\0007\000:\000\040\000D\000o\000w\000n\000l\000o\000a\000d\000\040\000S\000t\000u\000d\000e\000n\000t\000s\000'\000\040\000A\000s\000s\000i\000g\000n\000m\000e\000n\000t\000s\000\040\000F\000u\000n\000c\000t\000i\000o\000n\000a\000l\000i\000t\000y}{section.1179}% 246
\BOOKMARK [1][-]{section.1234}{\376\377\0006\000.\0002\000\040\000O\000f\000f\000l\000i\000n\000e\000\040\000P\000l\000a\000y\000e\000r\000\040\000A\000p\000p\000l\000i\000c\000a\000t\000i\000o\000n}{chapter.1178}% 247
\BOOKMARK [2][-]{subsection.1235}{\376\377\0006\000.\0002\000.\0001\000\040\000T\000e\000s\000t\000\040\000S\000c\000e\000n\000a\000r\000i\000o\000\040\000T\000S\000-\0001\000:\000\040\000U\000s\000e\000r\000\040\000A\000u\000t\000h\000e\000n\000t\000i\000c\000a\000t\000i\000o\000n\000\040\000F\000u\000n\000c\000t\000i\000o\000n\000a\000l\000i\000t\000y}{section.1234}% 248
\BOOKMARK [2][-]{subsection.1237}{\376\377\0006\000.\0002\000.\0002\000\040\000T\000e\000s\000t\000\040\000S\000c\000e\000n\000a\000r\000i\000o\000\040\000T\000S\000-\0002\000:\000\040\000V\000i\000e\000w\000\040\000L\000e\000c\000t\000u\000r\000e\000\040\000F\000u\000n\000c\000t\000i\000o\000n\000a\000l\000i\000t\000y}{section.1234}% 249
\BOOKMARK [2][-]{subsection.1239}{\376\377\0006\000.\0002\000.\0003\000\040\000T\000e\000s\000t\000\040\000S\000c\000e\000n\000a\000r\000i\000o\000\040\000T\000S\000-\0003\000:\000\040\000P\000l\000a\000y\000\040\000L\000e\000c\000t\000u\000r\000e\000\040\000F\000u\000n\000c\000t\000i\000o\000n\000a\000l\000i\000t\000y}{section.1234}% 250
\BOOKMARK [2][-]{subsection.1241}{\376\377\0006\000.\0002\000.\0004\000\040\000T\000e\000s\000t\000\040\000S\000c\000e\000n\000a\000r\000i\000o\000\040\000T\000S\000-\0004\000:\000\040\000D\000o\000w\000n\000l\000o\000a\000d\000\040\000L\000e\000c\000t\000u\000r\000e\000\040\000F\000u\000n\000c\000t\000i\000o\000n\000a\000l\000i\000t\000y}{section.1234}% 251
\BOOKMARK [2][-]{subsection.1243}{\376\377\0006\000.\0002\000.\0005\000\040\000T\000e\000s\000t\000\040\000S\000c\000e\000n\000a\000r\000i\000o\000\040\000T\000S\000-\0005\000:\000\040\000V\000i\000e\000w\000\040\000A\000b\000o\000u\000t\000\040\000P\000a\000g\000e\000\040\000F\000u\000n\000c\000t\000i\000o\000n\000a\000l\000i\000t\000y}{section.1234}% 252
\BOOKMARK [2][-]{subsection.1245}{\376\377\0006\000.\0002\000.\0006\000\040\000T\000e\000s\000t\000\040\000S\000c\000e\000n\000a\000r\000i\000o\000\040\000T\000S\000-\0006\000:\000\040\000V\000i\000e\000w\000\040\000C\000o\000n\000t\000a\000c\000t\000\040\000U\000s\000\040\000P\000a\000g\000e\000\040\000F\000u\000n\000c\000t\000i\000o\000n\000a\000l\000i\000t\000y}{section.1234}% 253
\BOOKMARK [0][-]{chapter.1247}{\376\377\0007\000\040\000F\000u\000t\000u\000r\000e\000\040\000W\000o\000r\000k}{}% 254
\BOOKMARK [0][-]{dummy.1248}{\376\377\000R\000e\000f\000e\000r\000e\000n\000c\000e\000s}{}% 255
